{"numFailedTestSuites":5,"numFailedTests":23,"numPassedTestSuites":46,"numPassedTests":353,"numPendingTestSuites":0,"numPendingTests":5,"numRuntimeErrorTestSuites":0,"numTodoTests":0,"numTotalTestSuites":51,"numTotalTests":381,"openHandles":[],"snapshot":{"added":0,"didUpdate":false,"failure":false,"filesAdded":0,"filesRemoved":0,"filesRemovedList":[],"filesUnmatched":0,"filesUpdated":0,"matched":0,"total":0,"unchecked":0,"uncheckedKeysByFile":[],"unmatched":0,"updated":0},"startTime":1775015778527,"success":false,"testResults":[{"assertionResults":[{"ancestorTitles":["googleDrive (browser)"],"duration":1,"failureDetails":[],"failureMessages":[],"fullName":"googleDrive (browser) loads default config when none stored","invocations":1,"location":null,"numPassingAsserts":1,"retryReasons":[],"status":"passed","title":"loads default config when none stored"},{"ancestorTitles":["googleDrive (browser)"],"duration":1,"failureDetails":[],"failureMessages":[],"fullName":"googleDrive (browser) handles malformed config","invocations":1,"location":null,"numPassingAsserts":2,"retryReasons":[],"status":"passed","title":"handles malformed config"},{"ancestorTitles":["googleDrive (browser)"],"duration":15,"failureDetails":[{"matcherResult":{"message":"\u001b[2mexpect(\u001b[22m\u001b[31mreceived\u001b[39m\u001b[2m).\u001b[22mrejects\u001b[2m.\u001b[22mtoThrow\u001b[2m(\u001b[22m\u001b[32mexpected\u001b[39m\u001b[2m)\u001b[22m\n\nExpected substring: \u001b[32m\"Failed to load Google API script.\"\u001b[39m\nReceived message:   \u001b[31m\"Failed to load Google Identity Services script.\"\u001b[39m\n\n    \u001b[0m \u001b[90m 244 |\u001b[39m     script\u001b[33m.\u001b[39mdefer \u001b[33m=\u001b[39m \u001b[36mtrue\u001b[39m\u001b[33m;\u001b[39m\n     \u001b[90m 245 |\u001b[39m     script\u001b[33m.\u001b[39monload \u001b[33m=\u001b[39m () \u001b[33m=>\u001b[39m resolve()\u001b[33m;\u001b[39m\n    \u001b[31m\u001b[1m>\u001b[22m\u001b[39m\u001b[90m 246 |\u001b[39m     script\u001b[33m.\u001b[39monerror \u001b[33m=\u001b[39m () \u001b[33m=>\u001b[39m reject(\u001b[36mnew\u001b[39m \u001b[33mError\u001b[39m(\u001b[32m'Failed to load Google Identity Services script.'\u001b[39m))\u001b[33m;\u001b[39m\n     \u001b[90m     |\u001b[39m                                   \u001b[31m\u001b[1m^\u001b[22m\u001b[39m\n     \u001b[90m 247 |\u001b[39m     document\u001b[33m.\u001b[39mbody\u001b[33m.\u001b[39mappendChild(script)\u001b[33m;\u001b[39m\n     \u001b[90m 248 |\u001b[39m   })\u001b[33m;\u001b[39m\n     \u001b[90m 249 |\u001b[39m }\u001b[0m\n\n      \u001b[2mat Object.onerror (\u001b[22msrc/lib/googleDrive.ts\u001b[2m:246:35)\u001b[22m\n      \u001b[2mat HTMLBodyElement.<anonymous> (\u001b[22msrc/lib/__tests__/googleDrive.test.ts\u001b[2m:113:16)\u001b[22m\n      \u001b[2mat \u001b[22msrc/lib/googleDrive.ts\u001b[2m:247:19\u001b[22m\n      \u001b[2mat loadGoogleIdentityScript (\u001b[22msrc/lib/googleDrive.ts\u001b[2m:230:10)\u001b[22m\n      \u001b[2mat requestGoogleAccessToken (\u001b[22msrc/lib/googleDrive.ts\u001b[2m:276:9)\u001b[22m\n      \u001b[2mat connectGoogleDrive (\u001b[22msrc/lib/googleDrive.ts\u001b[2m:723:25)\u001b[22m\n      \u001b[2mat Object.<anonymous> (\u001b[22msrc/lib/__tests__/googleDrive.test.ts\u001b[2m:118:36)\u001b[22m","pass":false},"message":"\u001b[2mexpect(\u001b[22m\u001b[31mreceived\u001b[39m\u001b[2m).\u001b[22mrejects\u001b[2m.\u001b[22mtoThrow\u001b[2m(\u001b[22m\u001b[32mexpected\u001b[39m\u001b[2m)\u001b[22m\n\nExpected substring: \u001b[32m\"Failed to load Google API script.\"\u001b[39m\nReceived message:   \u001b[31m\"Failed to load Google Identity Services script.\"\u001b[39m\n\n    \u001b[0m \u001b[90m 244 |\u001b[39m     script\u001b[33m.\u001b[39mdefer \u001b[33m=\u001b[39m \u001b[36mtrue\u001b[39m\u001b[33m;\u001b[39m\n     \u001b[90m 245 |\u001b[39m     script\u001b[33m.\u001b[39monload \u001b[33m=\u001b[39m () \u001b[33m=>\u001b[39m resolve()\u001b[33m;\u001b[39m\n    \u001b[31m\u001b[1m>\u001b[22m\u001b[39m\u001b[90m 246 |\u001b[39m     script\u001b[33m.\u001b[39monerror \u001b[33m=\u001b[39m () \u001b[33m=>\u001b[39m reject(\u001b[36mnew\u001b[39m \u001b[33mError\u001b[39m(\u001b[32m'Failed to load Google Identity Services script.'\u001b[39m))\u001b[33m;\u001b[39m\n     \u001b[90m     |\u001b[39m                                   \u001b[31m\u001b[1m^\u001b[22m\u001b[39m\n     \u001b[90m 247 |\u001b[39m     document\u001b[33m.\u001b[39mbody\u001b[33m.\u001b[39mappendChild(script)\u001b[33m;\u001b[39m\n     \u001b[90m 248 |\u001b[39m   })\u001b[33m;\u001b[39m\n     \u001b[90m 249 |\u001b[39m }\u001b[0m\n\n      \u001b[2mat Object.onerror (\u001b[22msrc/lib/googleDrive.ts\u001b[2m:246:35)\u001b[22m\n      \u001b[2mat HTMLBodyElement.<anonymous> (\u001b[22msrc/lib/__tests__/googleDrive.test.ts\u001b[2m:113:16)\u001b[22m\n      \u001b[2mat \u001b[22msrc/lib/googleDrive.ts\u001b[2m:247:19\u001b[22m\n      \u001b[2mat loadGoogleIdentityScript (\u001b[22msrc/lib/googleDrive.ts\u001b[2m:230:10)\u001b[22m\n      \u001b[2mat requestGoogleAccessToken (\u001b[22msrc/lib/googleDrive.ts\u001b[2m:276:9)\u001b[22m\n      \u001b[2mat connectGoogleDrive (\u001b[22msrc/lib/googleDrive.ts\u001b[2m:723:25)\u001b[22m\n      \u001b[2mat Object.<anonymous> (\u001b[22msrc/lib/__tests__/googleDrive.test.ts\u001b[2m:118:36)\u001b[22m"}],"failureMessages":["Error: \u001b[2mexpect(\u001b[22m\u001b[31mreceived\u001b[39m\u001b[2m).\u001b[22mrejects\u001b[2m.\u001b[22mtoThrow\u001b[2m(\u001b[22m\u001b[32mexpected\u001b[39m\u001b[2m)\u001b[22m\n\nExpected substring: \u001b[32m\"Failed to load Google API script.\"\u001b[39m\nReceived message:   \u001b[31m\"Failed to load Google Identity Services script.\"\u001b[39m\n\n    \u001b[0m \u001b[90m 244 |\u001b[39m     script\u001b[33m.\u001b[39mdefer \u001b[33m=\u001b[39m \u001b[36mtrue\u001b[39m\u001b[33m;\u001b[39m\n     \u001b[90m 245 |\u001b[39m     script\u001b[33m.\u001b[39monload \u001b[33m=\u001b[39m () \u001b[33m=>\u001b[39m resolve()\u001b[33m;\u001b[39m\n    \u001b[31m\u001b[1m>\u001b[22m\u001b[39m\u001b[90m 246 |\u001b[39m     script\u001b[33m.\u001b[39monerror \u001b[33m=\u001b[39m () \u001b[33m=>\u001b[39m reject(\u001b[36mnew\u001b[39m \u001b[33mError\u001b[39m(\u001b[32m'Failed to load Google Identity Services script.'\u001b[39m))\u001b[33m;\u001b[39m\n     \u001b[90m     |\u001b[39m                                   \u001b[31m\u001b[1m^\u001b[22m\u001b[39m\n     \u001b[90m 247 |\u001b[39m     document\u001b[33m.\u001b[39mbody\u001b[33m.\u001b[39mappendChild(script)\u001b[33m;\u001b[39m\n     \u001b[90m 248 |\u001b[39m   })\u001b[33m;\u001b[39m\n     \u001b[90m 249 |\u001b[39m }\u001b[0m\n\n      \u001b[2mat Object.onerror (\u001b[22msrc/lib/googleDrive.ts\u001b[2m:246:35)\u001b[22m\n      \u001b[2mat HTMLBodyElement.<anonymous> (\u001b[22msrc/lib/__tests__/googleDrive.test.ts\u001b[2m:113:16)\u001b[22m\n      \u001b[2mat \u001b[22msrc/lib/googleDrive.ts\u001b[2m:247:19\u001b[22m\n      \u001b[2mat loadGoogleIdentityScript (\u001b[22msrc/lib/googleDrive.ts\u001b[2m:230:10)\u001b[22m\n      \u001b[2mat requestGoogleAccessToken (\u001b[22msrc/lib/googleDrive.ts\u001b[2m:276:9)\u001b[22m\n      \u001b[2mat connectGoogleDrive (\u001b[22msrc/lib/googleDrive.ts\u001b[2m:723:25)\u001b[22m\n      \u001b[2mat Object.<anonymous> (\u001b[22msrc/lib/__tests__/googleDrive.test.ts\u001b[2m:118:36)\u001b[22m\n    at Object.toThrow (D:\\Adobe-Express-Remake\\node_modules\\expect\\build\\index.js:218:22)\n    at Object.<anonymous> (D:\\Adobe-Express-Remake\\src\\lib\\__tests__\\googleDrive.test.ts:118:58)\n    at Promise.then.completed (D:\\Adobe-Express-Remake\\node_modules\\jest-circus\\build\\utils.js:298:28)\n    at new Promise (<anonymous>)\n    at callAsyncCircusFn (D:\\Adobe-Express-Remake\\node_modules\\jest-circus\\build\\utils.js:231:10)\n    at _callCircusTest (D:\\Adobe-Express-Remake\\node_modules\\jest-circus\\build\\run.js:316:40)\n    at async _runTest (D:\\Adobe-Express-Remake\\node_modules\\jest-circus\\build\\run.js:252:3)\n    at async _runTestsForDescribeBlock (D:\\Adobe-Express-Remake\\node_modules\\jest-circus\\build\\run.js:126:9)\n    at async _runTestsForDescribeBlock (D:\\Adobe-Express-Remake\\node_modules\\jest-circus\\build\\run.js:121:9)\n    at async run (D:\\Adobe-Express-Remake\\node_modules\\jest-circus\\build\\run.js:71:3)\n    at async runAndTransformResultsToJestFormat (D:\\Adobe-Express-Remake\\node_modules\\jest-circus\\build\\legacy-code-todo-rewrite\\jestAdapterInit.js:122:21)\n    at async jestAdapter (D:\\Adobe-Express-Remake\\node_modules\\jest-circus\\build\\legacy-code-todo-rewrite\\jestAdapter.js:79:19)\n    at async runTestInternal (D:\\Adobe-Express-Remake\\node_modules\\jest-runner\\build\\runTest.js:367:16)\n    at async runTest (D:\\Adobe-Express-Remake\\node_modules\\jest-runner\\build\\runTest.js:444:34)"],"fullName":"googleDrive (browser) fails when the gapi script cannot load","invocations":1,"location":null,"numPassingAsserts":0,"retryReasons":[],"status":"failed","title":"fails when the gapi script cannot load"},{"ancestorTitles":["googleDrive (browser)"],"duration":1,"failureDetails":[],"failureMessages":[],"fullName":"googleDrive (browser) updates and resets config","invocations":1,"location":null,"numPassingAsserts":4,"retryReasons":[],"status":"passed","title":"updates and resets config"},{"ancestorTitles":["googleDrive (browser)"],"duration":5005,"failureDetails":[{"message":"thrown: \"Exceeded timeout of 5000 ms for a test.\nAdd a timeout value to this test to increase the timeout, if this is a long-running test. See https://jestjs.io/docs/api#testname-fn-timeout.\""}],"failureMessages":["Error: thrown: \"Exceeded timeout of 5000 ms for a test.\nAdd a timeout value to this test to increase the timeout, if this is a long-running test. See https://jestjs.io/docs/api#testname-fn-timeout.\"\n    at D:\\Adobe-Express-Remake\\src\\lib\\__tests__\\googleDrive.test.ts:137:3\n    at _dispatchDescribe (D:\\Adobe-Express-Remake\\node_modules\\jest-circus\\build\\index.js:91:26)\n    at describe (D:\\Adobe-Express-Remake\\node_modules\\jest-circus\\build\\index.js:55:5)\n    at Object.<anonymous> (D:\\Adobe-Express-Remake\\src\\lib\\__tests__\\googleDrive.test.ts:75:1)\n    at Runtime._execModule (D:\\Adobe-Express-Remake\\node_modules\\jest-runtime\\build\\index.js:1439:24)\n    at Runtime._loadModule (D:\\Adobe-Express-Remake\\node_modules\\jest-runtime\\build\\index.js:1022:12)\n    at Runtime.requireModule (D:\\Adobe-Express-Remake\\node_modules\\jest-runtime\\build\\index.js:882:12)\n    at jestAdapter (D:\\Adobe-Express-Remake\\node_modules\\jest-circus\\build\\legacy-code-todo-rewrite\\jestAdapter.js:77:13)\n    at async runTestInternal (D:\\Adobe-Express-Remake\\node_modules\\jest-runner\\build\\runTest.js:367:16)\n    at async runTest (D:\\Adobe-Express-Remake\\node_modules\\jest-runner\\build\\runTest.js:444:34)"],"fullName":"googleDrive (browser) connects and reuses existing folder","invocations":1,"location":null,"numPassingAsserts":0,"retryReasons":[],"status":"failed","title":"connects and reuses existing folder"},{"ancestorTitles":["googleDrive (browser)"],"duration":5009,"failureDetails":[{"message":"thrown: \"Exceeded timeout of 5000 ms for a test.\nAdd a timeout value to this test to increase the timeout, if this is a long-running test. See https://jestjs.io/docs/api#testname-fn-timeout.\""}],"failureMessages":["Error: thrown: \"Exceeded timeout of 5000 ms for a test.\nAdd a timeout value to this test to increase the timeout, if this is a long-running test. See https://jestjs.io/docs/api#testname-fn-timeout.\"\n    at D:\\Adobe-Express-Remake\\src\\lib\\__tests__\\googleDrive.test.ts:164:3\n    at _dispatchDescribe (D:\\Adobe-Express-Remake\\node_modules\\jest-circus\\build\\index.js:91:26)\n    at describe (D:\\Adobe-Express-Remake\\node_modules\\jest-circus\\build\\index.js:55:5)\n    at Object.<anonymous> (D:\\Adobe-Express-Remake\\src\\lib\\__tests__\\googleDrive.test.ts:75:1)\n    at Runtime._execModule (D:\\Adobe-Express-Remake\\node_modules\\jest-runtime\\build\\index.js:1439:24)\n    at Runtime._loadModule (D:\\Adobe-Express-Remake\\node_modules\\jest-runtime\\build\\index.js:1022:12)\n    at Runtime.requireModule (D:\\Adobe-Express-Remake\\node_modules\\jest-runtime\\build\\index.js:882:12)\n    at jestAdapter (D:\\Adobe-Express-Remake\\node_modules\\jest-circus\\build\\legacy-code-todo-rewrite\\jestAdapter.js:77:13)\n    at async runTestInternal (D:\\Adobe-Express-Remake\\node_modules\\jest-runner\\build\\runTest.js:367:16)\n    at async runTest (D:\\Adobe-Express-Remake\\node_modules\\jest-runner\\build\\runTest.js:444:34)"],"fullName":"googleDrive (browser) creates folder when missing","invocations":1,"location":null,"numPassingAsserts":0,"retryReasons":[],"status":"failed","title":"creates folder when missing"},{"ancestorTitles":["googleDrive (browser)"],"duration":5013,"failureDetails":[{"message":"thrown: \"Exceeded timeout of 5000 ms for a test.\nAdd a timeout value to this test to increase the timeout, if this is a long-running test. See https://jestjs.io/docs/api#testname-fn-timeout.\""}],"failureMessages":["Error: thrown: \"Exceeded timeout of 5000 ms for a test.\nAdd a timeout value to this test to increase the timeout, if this is a long-running test. See https://jestjs.io/docs/api#testname-fn-timeout.\"\n    at D:\\Adobe-Express-Remake\\src\\lib\\__tests__\\googleDrive.test.ts:174:3\n    at _dispatchDescribe (D:\\Adobe-Express-Remake\\node_modules\\jest-circus\\build\\index.js:91:26)\n    at describe (D:\\Adobe-Express-Remake\\node_modules\\jest-circus\\build\\index.js:55:5)\n    at Object.<anonymous> (D:\\Adobe-Express-Remake\\src\\lib\\__tests__\\googleDrive.test.ts:75:1)\n    at Runtime._execModule (D:\\Adobe-Express-Remake\\node_modules\\jest-runtime\\build\\index.js:1439:24)\n    at Runtime._loadModule (D:\\Adobe-Express-Remake\\node_modules\\jest-runtime\\build\\index.js:1022:12)\n    at Runtime.requireModule (D:\\Adobe-Express-Remake\\node_modules\\jest-runtime\\build\\index.js:882:12)\n    at jestAdapter (D:\\Adobe-Express-Remake\\node_modules\\jest-circus\\build\\legacy-code-todo-rewrite\\jestAdapter.js:77:13)\n    at async runTestInternal (D:\\Adobe-Express-Remake\\node_modules\\jest-runner\\build\\runTest.js:367:16)\n    at async runTest (D:\\Adobe-Express-Remake\\node_modules\\jest-runner\\build\\runTest.js:444:34)"],"fullName":"googleDrive (browser) skips auth load and client init when already available","invocations":1,"location":null,"numPassingAsserts":0,"retryReasons":[],"status":"failed","title":"skips auth load and client init when already available"},{"ancestorTitles":["googleDrive (browser)"],"duration":5001,"failureDetails":[{"message":"thrown: \"Exceeded timeout of 5000 ms for a test.\nAdd a timeout value to this test to increase the timeout, if this is a long-running test. See https://jestjs.io/docs/api#testname-fn-timeout.\""}],"failureMessages":["Error: thrown: \"Exceeded timeout of 5000 ms for a test.\nAdd a timeout value to this test to increase the timeout, if this is a long-running test. See https://jestjs.io/docs/api#testname-fn-timeout.\"\n    at D:\\Adobe-Express-Remake\\src\\lib\\__tests__\\googleDrive.test.ts:188:3\n    at _dispatchDescribe (D:\\Adobe-Express-Remake\\node_modules\\jest-circus\\build\\index.js:91:26)\n    at describe (D:\\Adobe-Express-Remake\\node_modules\\jest-circus\\build\\index.js:55:5)\n    at Object.<anonymous> (D:\\Adobe-Express-Remake\\src\\lib\\__tests__\\googleDrive.test.ts:75:1)\n    at Runtime._execModule (D:\\Adobe-Express-Remake\\node_modules\\jest-runtime\\build\\index.js:1439:24)\n    at Runtime._loadModule (D:\\Adobe-Express-Remake\\node_modules\\jest-runtime\\build\\index.js:1022:12)\n    at Runtime.requireModule (D:\\Adobe-Express-Remake\\node_modules\\jest-runtime\\build\\index.js:882:12)\n    at jestAdapter (D:\\Adobe-Express-Remake\\node_modules\\jest-circus\\build\\legacy-code-todo-rewrite\\jestAdapter.js:77:13)\n    at async runTestInternal (D:\\Adobe-Express-Remake\\node_modules\\jest-runner\\build\\runTest.js:367:16)\n    at async runTest (D:\\Adobe-Express-Remake\\node_modules\\jest-runner\\build\\runTest.js:444:34)"],"fullName":"googleDrive (browser) fails when drive API cannot load","invocations":1,"location":null,"numPassingAsserts":0,"retryReasons":[],"status":"failed","title":"fails when drive API cannot load"},{"ancestorTitles":["googleDrive (browser)"],"duration":5003,"failureDetails":[{"message":"thrown: \"Exceeded timeout of 5000 ms for a test.\nAdd a timeout value to this test to increase the timeout, if this is a long-running test. See https://jestjs.io/docs/api#testname-fn-timeout.\""}],"failureMessages":["Error: thrown: \"Exceeded timeout of 5000 ms for a test.\nAdd a timeout value to this test to increase the timeout, if this is a long-running test. See https://jestjs.io/docs/api#testname-fn-timeout.\"\n    at D:\\Adobe-Express-Remake\\src\\lib\\__tests__\\googleDrive.test.ts:202:3\n    at _dispatchDescribe (D:\\Adobe-Express-Remake\\node_modules\\jest-circus\\build\\index.js:91:26)\n    at describe (D:\\Adobe-Express-Remake\\node_modules\\jest-circus\\build\\index.js:55:5)\n    at Object.<anonymous> (D:\\Adobe-Express-Remake\\src\\lib\\__tests__\\googleDrive.test.ts:75:1)\n    at Runtime._execModule (D:\\Adobe-Express-Remake\\node_modules\\jest-runtime\\build\\index.js:1439:24)\n    at Runtime._loadModule (D:\\Adobe-Express-Remake\\node_modules\\jest-runtime\\build\\index.js:1022:12)\n    at Runtime.requireModule (D:\\Adobe-Express-Remake\\node_modules\\jest-runtime\\build\\index.js:882:12)\n    at jestAdapter (D:\\Adobe-Express-Remake\\node_modules\\jest-circus\\build\\legacy-code-todo-rewrite\\jestAdapter.js:77:13)\n    at async runTestInternal (D:\\Adobe-Express-Remake\\node_modules\\jest-runner\\build\\runTest.js:367:16)\n    at async runTest (D:\\Adobe-Express-Remake\\node_modules\\jest-runner\\build\\runTest.js:444:34)"],"fullName":"googleDrive (browser) fails when drive API is unavailable","invocations":1,"location":null,"numPassingAsserts":0,"retryReasons":[],"status":"failed","title":"fails when drive API is unavailable"},{"ancestorTitles":["googleDrive (browser)"],"duration":5006,"failureDetails":[{"message":"thrown: \"Exceeded timeout of 5000 ms for a test.\nAdd a timeout value to this test to increase the timeout, if this is a long-running test. See https://jestjs.io/docs/api#testname-fn-timeout.\""}],"failureMessages":["Error: thrown: \"Exceeded timeout of 5000 ms for a test.\nAdd a timeout value to this test to increase the timeout, if this is a long-running test. See https://jestjs.io/docs/api#testname-fn-timeout.\"\n    at D:\\Adobe-Express-Remake\\src\\lib\\__tests__\\googleDrive.test.ts:215:3\n    at _dispatchDescribe (D:\\Adobe-Express-Remake\\node_modules\\jest-circus\\build\\index.js:91:26)\n    at describe (D:\\Adobe-Express-Remake\\node_modules\\jest-circus\\build\\index.js:55:5)\n    at Object.<anonymous> (D:\\Adobe-Express-Remake\\src\\lib\\__tests__\\googleDrive.test.ts:75:1)\n    at Runtime._execModule (D:\\Adobe-Express-Remake\\node_modules\\jest-runtime\\build\\index.js:1439:24)\n    at Runtime._loadModule (D:\\Adobe-Express-Remake\\node_modules\\jest-runtime\\build\\index.js:1022:12)\n    at Runtime.requireModule (D:\\Adobe-Express-Remake\\node_modules\\jest-runtime\\build\\index.js:882:12)\n    at jestAdapter (D:\\Adobe-Express-Remake\\node_modules\\jest-circus\\build\\legacy-code-todo-rewrite\\jestAdapter.js:77:13)\n    at async runTestInternal (D:\\Adobe-Express-Remake\\node_modules\\jest-runner\\build\\runTest.js:367:16)\n    at async runTest (D:\\Adobe-Express-Remake\\node_modules\\jest-runner\\build\\runTest.js:444:34)"],"fullName":"googleDrive (browser) fails when auth instance is missing","invocations":1,"location":null,"numPassingAsserts":0,"retryReasons":[],"status":"failed","title":"fails when auth instance is missing"},{"ancestorTitles":["googleDrive (browser)"],"duration":0,"failureDetails":[],"failureMessages":[],"fullName":"googleDrive (browser) disconnects and revokes token","invocations":1,"location":null,"numPassingAsserts":2,"retryReasons":[],"status":"passed","title":"disconnects and revokes token"},{"ancestorTitles":["googleDrive (browser)"],"duration":5000,"failureDetails":[{"message":"thrown: \"Exceeded timeout of 5000 ms for a test.\nAdd a timeout value to this test to increase the timeout, if this is a long-running test. See https://jestjs.io/docs/api#testname-fn-timeout.\""}],"failureMessages":["Error: thrown: \"Exceeded timeout of 5000 ms for a test.\nAdd a timeout value to this test to increase the timeout, if this is a long-running test. See https://jestjs.io/docs/api#testname-fn-timeout.\"\n    at D:\\Adobe-Express-Remake\\src\\lib\\__tests__\\googleDrive.test.ts:236:3\n    at _dispatchDescribe (D:\\Adobe-Express-Remake\\node_modules\\jest-circus\\build\\index.js:91:26)\n    at describe (D:\\Adobe-Express-Remake\\node_modules\\jest-circus\\build\\index.js:55:5)\n    at Object.<anonymous> (D:\\Adobe-Express-Remake\\src\\lib\\__tests__\\googleDrive.test.ts:75:1)\n    at Runtime._execModule (D:\\Adobe-Express-Remake\\node_modules\\jest-runtime\\build\\index.js:1439:24)\n    at Runtime._loadModule (D:\\Adobe-Express-Remake\\node_modules\\jest-runtime\\build\\index.js:1022:12)\n    at Runtime.requireModule (D:\\Adobe-Express-Remake\\node_modules\\jest-runtime\\build\\index.js:882:12)\n    at jestAdapter (D:\\Adobe-Express-Remake\\node_modules\\jest-circus\\build\\legacy-code-todo-rewrite\\jestAdapter.js:77:13)\n    at async runTestInternal (D:\\Adobe-Express-Remake\\node_modules\\jest-runner\\build\\runTest.js:367:16)\n    at async runTest (D:\\Adobe-Express-Remake\\node_modules\\jest-runner\\build\\runTest.js:444:34)"],"fullName":"googleDrive (browser) uploads backup with refreshed token","invocations":1,"location":null,"numPassingAsserts":0,"retryReasons":[],"status":"failed","title":"uploads backup with refreshed token"},{"ancestorTitles":["googleDrive (browser)"],"duration":1,"failureDetails":[],"failureMessages":[],"fullName":"googleDrive (browser) throws when backup not enabled","invocations":1,"location":null,"numPassingAsserts":1,"retryReasons":[],"status":"passed","title":"throws when backup not enabled"},{"ancestorTitles":["googleDrive (browser)"],"duration":5006,"failureDetails":[{"message":"thrown: \"Exceeded timeout of 5000 ms for a test.\nAdd a timeout value to this test to increase the timeout, if this is a long-running test. See https://jestjs.io/docs/api#testname-fn-timeout.\""}],"failureMessages":["Error: thrown: \"Exceeded timeout of 5000 ms for a test.\nAdd a timeout value to this test to increase the timeout, if this is a long-running test. See https://jestjs.io/docs/api#testname-fn-timeout.\"\n    at D:\\Adobe-Express-Remake\\src\\lib\\__tests__\\googleDrive.test.ts:262:3\n    at _dispatchDescribe (D:\\Adobe-Express-Remake\\node_modules\\jest-circus\\build\\index.js:91:26)\n    at describe (D:\\Adobe-Express-Remake\\node_modules\\jest-circus\\build\\index.js:55:5)\n    at Object.<anonymous> (D:\\Adobe-Express-Remake\\src\\lib\\__tests__\\googleDrive.test.ts:75:1)\n    at Runtime._execModule (D:\\Adobe-Express-Remake\\node_modules\\jest-runtime\\build\\index.js:1439:24)\n    at Runtime._loadModule (D:\\Adobe-Express-Remake\\node_modules\\jest-runtime\\build\\index.js:1022:12)\n    at Runtime.requireModule (D:\\Adobe-Express-Remake\\node_modules\\jest-runtime\\build\\index.js:882:12)\n    at jestAdapter (D:\\Adobe-Express-Remake\\node_modules\\jest-circus\\build\\legacy-code-todo-rewrite\\jestAdapter.js:77:13)\n    at async runTestInternal (D:\\Adobe-Express-Remake\\node_modules\\jest-runner\\build\\runTest.js:367:16)\n    at async runTest (D:\\Adobe-Express-Remake\\node_modules\\jest-runner\\build\\runTest.js:444:34)"],"fullName":"googleDrive (browser) throws when upload token is missing","invocations":1,"location":null,"numPassingAsserts":0,"retryReasons":[],"status":"failed","title":"throws when upload token is missing"},{"ancestorTitles":["googleDrive (browser)"],"duration":5003,"failureDetails":[{"message":"thrown: \"Exceeded timeout of 5000 ms for a test.\nAdd a timeout value to this test to increase the timeout, if this is a long-running test. See https://jestjs.io/docs/api#testname-fn-timeout.\""}],"failureMessages":["Error: thrown: \"Exceeded timeout of 5000 ms for a test.\nAdd a timeout value to this test to increase the timeout, if this is a long-running test. See https://jestjs.io/docs/api#testname-fn-timeout.\"\n    at D:\\Adobe-Express-Remake\\src\\lib\\__tests__\\googleDrive.test.ts:277:3\n    at _dispatchDescribe (D:\\Adobe-Express-Remake\\node_modules\\jest-circus\\build\\index.js:91:26)\n    at describe (D:\\Adobe-Express-Remake\\node_modules\\jest-circus\\build\\index.js:55:5)\n    at Object.<anonymous> (D:\\Adobe-Express-Remake\\src\\lib\\__tests__\\googleDrive.test.ts:75:1)\n    at Runtime._execModule (D:\\Adobe-Express-Remake\\node_modules\\jest-runtime\\build\\index.js:1439:24)\n    at Runtime._loadModule (D:\\Adobe-Express-Remake\\node_modules\\jest-runtime\\build\\index.js:1022:12)\n    at Runtime.requireModule (D:\\Adobe-Express-Remake\\node_modules\\jest-runtime\\build\\index.js:882:12)\n    at jestAdapter (D:\\Adobe-Express-Remake\\node_modules\\jest-circus\\build\\legacy-code-todo-rewrite\\jestAdapter.js:77:13)\n    at async runTestInternal (D:\\Adobe-Express-Remake\\node_modules\\jest-runner\\build\\runTest.js:367:16)\n    at async runTest (D:\\Adobe-Express-Remake\\node_modules\\jest-runner\\build\\runTest.js:444:34)"],"fullName":"googleDrive (browser) throws when refresh cannot access auth instance","invocations":1,"location":null,"numPassingAsserts":0,"retryReasons":[],"status":"failed","title":"throws when refresh cannot access auth instance"}],"endTime":1775015824183,"message":"\u001b[1m\u001b[31m  \u001b[1m● \u001b[22m\u001b[1mgoogleDrive (browser) › fails when the gapi script cannot load\u001b[39m\u001b[22m\n\n    \u001b[2mexpect(\u001b[22m\u001b[31mreceived\u001b[39m\u001b[2m).\u001b[22mrejects\u001b[2m.\u001b[22mtoThrow\u001b[2m(\u001b[22m\u001b[32mexpected\u001b[39m\u001b[2m)\u001b[22m\n\n    Expected substring: \u001b[32m\"Failed to load Google API script.\"\u001b[39m\n    Received message:   \u001b[31m\"Failed to load Google Identity Services script.\"\u001b[39m\n\n        \u001b[0m \u001b[90m 244 |\u001b[39m     script\u001b[33m.\u001b[39mdefer \u001b[33m=\u001b[39m \u001b[36mtrue\u001b[39m\u001b[33m;\u001b[39m\n         \u001b[90m 245 |\u001b[39m     script\u001b[33m.\u001b[39monload \u001b[33m=\u001b[39m () \u001b[33m=>\u001b[39m resolve()\u001b[33m;\u001b[39m\n        \u001b[31m\u001b[1m>\u001b[22m\u001b[39m\u001b[90m 246 |\u001b[39m     script\u001b[33m.\u001b[39monerror \u001b[33m=\u001b[39m () \u001b[33m=>\u001b[39m reject(\u001b[36mnew\u001b[39m \u001b[33mError\u001b[39m(\u001b[32m'Failed to load Google Identity Services script.'\u001b[39m))\u001b[33m;\u001b[39m\n         \u001b[90m     |\u001b[39m                                   \u001b[31m\u001b[1m^\u001b[22m\u001b[39m\n         \u001b[90m 247 |\u001b[39m     document\u001b[33m.\u001b[39mbody\u001b[33m.\u001b[39mappendChild(script)\u001b[33m;\u001b[39m\n         \u001b[90m 248 |\u001b[39m   })\u001b[33m;\u001b[39m\n         \u001b[90m 249 |\u001b[39m }\u001b[0m\n\n          \u001b[2mat Object.onerror (\u001b[22msrc/lib/googleDrive.ts\u001b[2m:246:35)\u001b[22m\n          \u001b[2mat HTMLBodyElement.<anonymous> (\u001b[22msrc/lib/__tests__/googleDrive.test.ts\u001b[2m:113:16)\u001b[22m\n          \u001b[2mat \u001b[22msrc/lib/googleDrive.ts\u001b[2m:247:19\u001b[22m\n          \u001b[2mat loadGoogleIdentityScript (\u001b[22msrc/lib/googleDrive.ts\u001b[2m:230:10)\u001b[22m\n          \u001b[2mat requestGoogleAccessToken (\u001b[22msrc/lib/googleDrive.ts\u001b[2m:276:9)\u001b[22m\n          \u001b[2mat connectGoogleDrive (\u001b[22msrc/lib/googleDrive.ts\u001b[2m:723:25)\u001b[22m\n          \u001b[2mat Object.<anonymous> (\u001b[22msrc/lib/__tests__/googleDrive.test.ts\u001b[2m:118:36)\u001b[22m\n\u001b[2m\u001b[22m\n\u001b[2m    \u001b[0m \u001b[90m 116 |\u001b[39m     })\u001b[33m;\u001b[39m\u001b[22m\n\u001b[2m     \u001b[90m 117 |\u001b[39m\u001b[22m\n\u001b[2m    \u001b[31m\u001b[1m>\u001b[22m\u001b[2m\u001b[39m\u001b[90m 118 |\u001b[39m     \u001b[36mawait\u001b[39m expect(connectGoogleDrive(\u001b[32m'client-1'\u001b[39m))\u001b[33m.\u001b[39mrejects\u001b[33m.\u001b[39mtoThrow(\u001b[32m'Failed to load Google API script.'\u001b[39m)\u001b[33m;\u001b[39m\u001b[22m\n\u001b[2m     \u001b[90m     |\u001b[39m                                                          \u001b[31m\u001b[1m^\u001b[22m\u001b[2m\u001b[39m\u001b[22m\n\u001b[2m     \u001b[90m 119 |\u001b[39m\u001b[22m\n\u001b[2m     \u001b[90m 120 |\u001b[39m     createElementSpy\u001b[33m.\u001b[39mmockRestore()\u001b[33m;\u001b[39m\u001b[22m\n\u001b[2m     \u001b[90m 121 |\u001b[39m     appendChildSpy\u001b[33m.\u001b[39mmockRestore()\u001b[33m;\u001b[39m\u001b[0m\u001b[22m\n\u001b[2m\u001b[22m\n\u001b[2m      \u001b[2mat Object.toThrow (\u001b[22m\u001b[2mnode_modules/expect/build/index.js\u001b[2m:218:22)\u001b[22m\u001b[2m\u001b[22m\n\u001b[2m      \u001b[2mat Object.<anonymous> (\u001b[22m\u001b[2m\u001b[0m\u001b[36msrc/lib/__tests__/googleDrive.test.ts\u001b[39m\u001b[0m\u001b[2m:118:58)\u001b[22m\u001b[2m\u001b[22m\n\n\u001b[1m\u001b[31m  \u001b[1m● \u001b[22m\u001b[1mgoogleDrive (browser) › connects and reuses existing folder\u001b[39m\u001b[22m\n\n    thrown: \"Exceeded timeout of 5000 ms for a test.\n    Add a timeout value to this test to increase the timeout, if this is a long-running test. See https://jestjs.io/docs/api#testname-fn-timeout.\"\n\u001b[2m\u001b[22m\n\u001b[2m    \u001b[0m \u001b[90m 135 |\u001b[39m   })\u001b[33m;\u001b[39m\u001b[22m\n\u001b[2m     \u001b[90m 136 |\u001b[39m\u001b[22m\n\u001b[2m    \u001b[31m\u001b[1m>\u001b[22m\u001b[2m\u001b[39m\u001b[90m 137 |\u001b[39m   it(\u001b[32m'connects and reuses existing folder'\u001b[39m\u001b[33m,\u001b[39m \u001b[36masync\u001b[39m () \u001b[33m=>\u001b[39m {\u001b[22m\n\u001b[2m     \u001b[90m     |\u001b[39m   \u001b[31m\u001b[1m^\u001b[22m\u001b[2m\u001b[39m\u001b[22m\n\u001b[2m     \u001b[90m 138 |\u001b[39m     \u001b[36mconst\u001b[39m nowSpy \u001b[33m=\u001b[39m jest\u001b[33m.\u001b[39mspyOn(\u001b[33mDate\u001b[39m\u001b[33m,\u001b[39m \u001b[32m'now'\u001b[39m)\u001b[33m.\u001b[39mmockReturnValue(\u001b[35m1000\u001b[39m)\u001b[33m;\u001b[39m\u001b[22m\n\u001b[2m     \u001b[90m 139 |\u001b[39m     \u001b[36mconst\u001b[39m gapi \u001b[33m=\u001b[39m makeGapiMock({\u001b[22m\n\u001b[2m     \u001b[90m 140 |\u001b[39m       client\u001b[33m:\u001b[39m {\u001b[0m\u001b[22m\n\u001b[2m\u001b[22m\n\u001b[2m      \u001b[2mat \u001b[22m\u001b[2m\u001b[0m\u001b[36msrc/lib/__tests__/googleDrive.test.ts\u001b[39m\u001b[0m\u001b[2m:137:3\u001b[22m\u001b[2m\u001b[22m\n\u001b[2m      \u001b[2mat Object.<anonymous> (\u001b[22m\u001b[2m\u001b[0m\u001b[36msrc/lib/__tests__/googleDrive.test.ts\u001b[39m\u001b[0m\u001b[2m:75:1)\u001b[22m\u001b[2m\u001b[22m\n\n\u001b[1m\u001b[31m  \u001b[1m● \u001b[22m\u001b[1mgoogleDrive (browser) › creates folder when missing\u001b[39m\u001b[22m\n\n    thrown: \"Exceeded timeout of 5000 ms for a test.\n    Add a timeout value to this test to increase the timeout, if this is a long-running test. See https://jestjs.io/docs/api#testname-fn-timeout.\"\n\u001b[2m\u001b[22m\n\u001b[2m    \u001b[0m \u001b[90m 162 |\u001b[39m   })\u001b[33m;\u001b[39m\u001b[22m\n\u001b[2m     \u001b[90m 163 |\u001b[39m\u001b[22m\n\u001b[2m    \u001b[31m\u001b[1m>\u001b[22m\u001b[2m\u001b[39m\u001b[90m 164 |\u001b[39m   it(\u001b[32m'creates folder when missing'\u001b[39m\u001b[33m,\u001b[39m \u001b[36masync\u001b[39m () \u001b[33m=>\u001b[39m {\u001b[22m\n\u001b[2m     \u001b[90m     |\u001b[39m   \u001b[31m\u001b[1m^\u001b[22m\u001b[2m\u001b[39m\u001b[22m\n\u001b[2m     \u001b[90m 165 |\u001b[39m     \u001b[36mconst\u001b[39m gapi \u001b[33m=\u001b[39m makeGapiMock()\u001b[33m;\u001b[39m\u001b[22m\n\u001b[2m     \u001b[90m 166 |\u001b[39m     \u001b[33mObject\u001b[39m\u001b[33m.\u001b[39mdefineProperty(window\u001b[33m,\u001b[39m \u001b[32m'gapi'\u001b[39m\u001b[33m,\u001b[39m { value\u001b[33m:\u001b[39m gapi\u001b[33m,\u001b[39m configurable\u001b[33m:\u001b[39m \u001b[36mtrue\u001b[39m })\u001b[33m;\u001b[39m\u001b[22m\n\u001b[2m     \u001b[90m 167 |\u001b[39m\u001b[0m\u001b[22m\n\u001b[2m\u001b[22m\n\u001b[2m      \u001b[2mat \u001b[22m\u001b[2m\u001b[0m\u001b[36msrc/lib/__tests__/googleDrive.test.ts\u001b[39m\u001b[0m\u001b[2m:164:3\u001b[22m\u001b[2m\u001b[22m\n\u001b[2m      \u001b[2mat Object.<anonymous> (\u001b[22m\u001b[2m\u001b[0m\u001b[36msrc/lib/__tests__/googleDrive.test.ts\u001b[39m\u001b[0m\u001b[2m:75:1)\u001b[22m\u001b[2m\u001b[22m\n\n\u001b[1m\u001b[31m  \u001b[1m● \u001b[22m\u001b[1mgoogleDrive (browser) › skips auth load and client init when already available\u001b[39m\u001b[22m\n\n    thrown: \"Exceeded timeout of 5000 ms for a test.\n    Add a timeout value to this test to increase the timeout, if this is a long-running test. See https://jestjs.io/docs/api#testname-fn-timeout.\"\n\u001b[2m\u001b[22m\n\u001b[2m    \u001b[0m \u001b[90m 172 |\u001b[39m   })\u001b[33m;\u001b[39m\u001b[22m\n\u001b[2m     \u001b[90m 173 |\u001b[39m\u001b[22m\n\u001b[2m    \u001b[31m\u001b[1m>\u001b[22m\u001b[2m\u001b[39m\u001b[90m 174 |\u001b[39m   it(\u001b[32m'skips auth load and client init when already available'\u001b[39m\u001b[33m,\u001b[39m \u001b[36masync\u001b[39m () \u001b[33m=>\u001b[39m {\u001b[22m\n\u001b[2m     \u001b[90m     |\u001b[39m   \u001b[31m\u001b[1m^\u001b[22m\u001b[2m\u001b[39m\u001b[22m\n\u001b[2m     \u001b[90m 175 |\u001b[39m     \u001b[36mconst\u001b[39m gapi \u001b[33m=\u001b[39m makeGapiMock({ signedIn\u001b[33m:\u001b[39m \u001b[36mtrue\u001b[39m })\u001b[33m;\u001b[39m\u001b[22m\n\u001b[2m     \u001b[90m 176 |\u001b[39m     gapi\u001b[33m.\u001b[39mauth \u001b[33m=\u001b[39m {}\u001b[33m;\u001b[39m\u001b[22m\n\u001b[2m     \u001b[90m 177 |\u001b[39m     gapi\u001b[33m.\u001b[39mload \u001b[33m=\u001b[39m jest\u001b[33m.\u001b[39mfn()\u001b[33m;\u001b[39m\u001b[0m\u001b[22m\n\u001b[2m\u001b[22m\n\u001b[2m      \u001b[2mat \u001b[22m\u001b[2m\u001b[0m\u001b[36msrc/lib/__tests__/googleDrive.test.ts\u001b[39m\u001b[0m\u001b[2m:174:3\u001b[22m\u001b[2m\u001b[22m\n\u001b[2m      \u001b[2mat Object.<anonymous> (\u001b[22m\u001b[2m\u001b[0m\u001b[36msrc/lib/__tests__/googleDrive.test.ts\u001b[39m\u001b[0m\u001b[2m:75:1)\u001b[22m\u001b[2m\u001b[22m\n\n\u001b[1m\u001b[31m  \u001b[1m● \u001b[22m\u001b[1mgoogleDrive (browser) › fails when drive API cannot load\u001b[39m\u001b[22m\n\n    thrown: \"Exceeded timeout of 5000 ms for a test.\n    Add a timeout value to this test to increase the timeout, if this is a long-running test. See https://jestjs.io/docs/api#testname-fn-timeout.\"\n\u001b[2m\u001b[22m\n\u001b[2m    \u001b[0m \u001b[90m 186 |\u001b[39m   })\u001b[33m;\u001b[39m\u001b[22m\n\u001b[2m     \u001b[90m 187 |\u001b[39m\u001b[22m\n\u001b[2m    \u001b[31m\u001b[1m>\u001b[22m\u001b[2m\u001b[39m\u001b[90m 188 |\u001b[39m   it(\u001b[32m'fails when drive API cannot load'\u001b[39m\u001b[33m,\u001b[39m \u001b[36masync\u001b[39m () \u001b[33m=>\u001b[39m {\u001b[22m\n\u001b[2m     \u001b[90m     |\u001b[39m   \u001b[31m\u001b[1m^\u001b[22m\u001b[2m\u001b[39m\u001b[22m\n\u001b[2m     \u001b[90m 189 |\u001b[39m     \u001b[36mconst\u001b[39m gapi \u001b[33m=\u001b[39m makeGapiMock({\u001b[22m\n\u001b[2m     \u001b[90m 190 |\u001b[39m       client\u001b[33m:\u001b[39m {\u001b[22m\n\u001b[2m     \u001b[90m 191 |\u001b[39m         init\u001b[33m:\u001b[39m jest\u001b[33m.\u001b[39mfn()\u001b[33m.\u001b[39mmockResolvedValue(undefined)\u001b[33m,\u001b[39m\u001b[0m\u001b[22m\n\u001b[2m\u001b[22m\n\u001b[2m      \u001b[2mat \u001b[22m\u001b[2m\u001b[0m\u001b[36msrc/lib/__tests__/googleDrive.test.ts\u001b[39m\u001b[0m\u001b[2m:188:3\u001b[22m\u001b[2m\u001b[22m\n\u001b[2m      \u001b[2mat Object.<anonymous> (\u001b[22m\u001b[2m\u001b[0m\u001b[36msrc/lib/__tests__/googleDrive.test.ts\u001b[39m\u001b[0m\u001b[2m:75:1)\u001b[22m\u001b[2m\u001b[22m\n\n\u001b[1m\u001b[31m  \u001b[1m● \u001b[22m\u001b[1mgoogleDrive (browser) › fails when drive API is unavailable\u001b[39m\u001b[22m\n\n    thrown: \"Exceeded timeout of 5000 ms for a test.\n    Add a timeout value to this test to increase the timeout, if this is a long-running test. See https://jestjs.io/docs/api#testname-fn-timeout.\"\n\u001b[2m\u001b[22m\n\u001b[2m    \u001b[0m \u001b[90m 200 |\u001b[39m   })\u001b[33m;\u001b[39m\u001b[22m\n\u001b[2m     \u001b[90m 201 |\u001b[39m\u001b[22m\n\u001b[2m    \u001b[31m\u001b[1m>\u001b[22m\u001b[2m\u001b[39m\u001b[90m 202 |\u001b[39m   it(\u001b[32m'fails when drive API is unavailable'\u001b[39m\u001b[33m,\u001b[39m \u001b[36masync\u001b[39m () \u001b[33m=>\u001b[39m {\u001b[22m\n\u001b[2m     \u001b[90m     |\u001b[39m   \u001b[31m\u001b[1m^\u001b[22m\u001b[2m\u001b[39m\u001b[22m\n\u001b[2m     \u001b[90m 203 |\u001b[39m     \u001b[36mconst\u001b[39m gapi \u001b[33m=\u001b[39m makeGapiMock({\u001b[22m\n\u001b[2m     \u001b[90m 204 |\u001b[39m       client\u001b[33m:\u001b[39m {\u001b[22m\n\u001b[2m     \u001b[90m 205 |\u001b[39m         init\u001b[33m:\u001b[39m jest\u001b[33m.\u001b[39mfn()\u001b[33m.\u001b[39mmockResolvedValue(undefined)\u001b[33m,\u001b[39m\u001b[0m\u001b[22m\n\u001b[2m\u001b[22m\n\u001b[2m      \u001b[2mat \u001b[22m\u001b[2m\u001b[0m\u001b[36msrc/lib/__tests__/googleDrive.test.ts\u001b[39m\u001b[0m\u001b[2m:202:3\u001b[22m\u001b[2m\u001b[22m\n\u001b[2m      \u001b[2mat Object.<anonymous> (\u001b[22m\u001b[2m\u001b[0m\u001b[36msrc/lib/__tests__/googleDrive.test.ts\u001b[39m\u001b[0m\u001b[2m:75:1)\u001b[22m\u001b[2m\u001b[22m\n\n\u001b[1m\u001b[31m  \u001b[1m● \u001b[22m\u001b[1mgoogleDrive (browser) › fails when auth instance is missing\u001b[39m\u001b[22m\n\n    thrown: \"Exceeded timeout of 5000 ms for a test.\n    Add a timeout value to this test to increase the timeout, if this is a long-running test. See https://jestjs.io/docs/api#testname-fn-timeout.\"\n\u001b[2m\u001b[22m\n\u001b[2m    \u001b[0m \u001b[90m 213 |\u001b[39m   })\u001b[33m;\u001b[39m\u001b[22m\n\u001b[2m     \u001b[90m 214 |\u001b[39m\u001b[22m\n\u001b[2m    \u001b[31m\u001b[1m>\u001b[22m\u001b[2m\u001b[39m\u001b[90m 215 |\u001b[39m   it(\u001b[32m'fails when auth instance is missing'\u001b[39m\u001b[33m,\u001b[39m \u001b[36masync\u001b[39m () \u001b[33m=>\u001b[39m {\u001b[22m\n\u001b[2m     \u001b[90m     |\u001b[39m   \u001b[31m\u001b[1m^\u001b[22m\u001b[2m\u001b[39m\u001b[22m\n\u001b[2m     \u001b[90m 216 |\u001b[39m     \u001b[36mconst\u001b[39m gapi \u001b[33m=\u001b[39m makeGapiMock()\u001b[33m;\u001b[39m\u001b[22m\n\u001b[2m     \u001b[90m 217 |\u001b[39m     gapi\u001b[33m.\u001b[39mauth2\u001b[33m.\u001b[39mgetAuthInstance \u001b[33m=\u001b[39m () \u001b[33m=>\u001b[39m undefined\u001b[33m;\u001b[39m\u001b[22m\n\u001b[2m     \u001b[90m 218 |\u001b[39m\u001b[0m\u001b[22m\n\u001b[2m\u001b[22m\n\u001b[2m      \u001b[2mat \u001b[22m\u001b[2m\u001b[0m\u001b[36msrc/lib/__tests__/googleDrive.test.ts\u001b[39m\u001b[0m\u001b[2m:215:3\u001b[22m\u001b[2m\u001b[22m\n\u001b[2m      \u001b[2mat Object.<anonymous> (\u001b[22m\u001b[2m\u001b[0m\u001b[36msrc/lib/__tests__/googleDrive.test.ts\u001b[39m\u001b[0m\u001b[2m:75:1)\u001b[22m\u001b[2m\u001b[22m\n\n\u001b[1m\u001b[31m  \u001b[1m● \u001b[22m\u001b[1mgoogleDrive (browser) › uploads backup with refreshed token\u001b[39m\u001b[22m\n\n    thrown: \"Exceeded timeout of 5000 ms for a test.\n    Add a timeout value to this test to increase the timeout, if this is a long-running test. See https://jestjs.io/docs/api#testname-fn-timeout.\"\n\u001b[2m\u001b[22m\n\u001b[2m    \u001b[0m \u001b[90m 234 |\u001b[39m   })\u001b[33m;\u001b[39m\u001b[22m\n\u001b[2m     \u001b[90m 235 |\u001b[39m\u001b[22m\n\u001b[2m    \u001b[31m\u001b[1m>\u001b[22m\u001b[2m\u001b[39m\u001b[90m 236 |\u001b[39m   it(\u001b[32m'uploads backup with refreshed token'\u001b[39m\u001b[33m,\u001b[39m \u001b[36masync\u001b[39m () \u001b[33m=>\u001b[39m {\u001b[22m\n\u001b[2m     \u001b[90m     |\u001b[39m   \u001b[31m\u001b[1m^\u001b[22m\u001b[2m\u001b[39m\u001b[22m\n\u001b[2m     \u001b[90m 237 |\u001b[39m     \u001b[36mconst\u001b[39m gapi \u001b[33m=\u001b[39m makeGapiMock({ signedIn\u001b[33m:\u001b[39m \u001b[36mfalse\u001b[39m })\u001b[33m;\u001b[39m\u001b[22m\n\u001b[2m     \u001b[90m 238 |\u001b[39m     \u001b[33mObject\u001b[39m\u001b[33m.\u001b[39mdefineProperty(window\u001b[33m,\u001b[39m \u001b[32m'gapi'\u001b[39m\u001b[33m,\u001b[39m { value\u001b[33m:\u001b[39m gapi\u001b[33m,\u001b[39m configurable\u001b[33m:\u001b[39m \u001b[36mtrue\u001b[39m })\u001b[33m;\u001b[39m\u001b[22m\n\u001b[2m     \u001b[90m 239 |\u001b[39m\u001b[0m\u001b[22m\n\u001b[2m\u001b[22m\n\u001b[2m      \u001b[2mat \u001b[22m\u001b[2m\u001b[0m\u001b[36msrc/lib/__tests__/googleDrive.test.ts\u001b[39m\u001b[0m\u001b[2m:236:3\u001b[22m\u001b[2m\u001b[22m\n\u001b[2m      \u001b[2mat Object.<anonymous> (\u001b[22m\u001b[2m\u001b[0m\u001b[36msrc/lib/__tests__/googleDrive.test.ts\u001b[39m\u001b[0m\u001b[2m:75:1)\u001b[22m\u001b[2m\u001b[22m\n\n\u001b[1m\u001b[31m  \u001b[1m● \u001b[22m\u001b[1mgoogleDrive (browser) › throws when upload token is missing\u001b[39m\u001b[22m\n\n    thrown: \"Exceeded timeout of 5000 ms for a test.\n    Add a timeout value to this test to increase the timeout, if this is a long-running test. See https://jestjs.io/docs/api#testname-fn-timeout.\"\n\u001b[2m\u001b[22m\n\u001b[2m    \u001b[0m \u001b[90m 260 |\u001b[39m   })\u001b[33m;\u001b[39m\u001b[22m\n\u001b[2m     \u001b[90m 261 |\u001b[39m\u001b[22m\n\u001b[2m    \u001b[31m\u001b[1m>\u001b[22m\u001b[2m\u001b[39m\u001b[90m 262 |\u001b[39m   it(\u001b[32m'throws when upload token is missing'\u001b[39m\u001b[33m,\u001b[39m \u001b[36masync\u001b[39m () \u001b[33m=>\u001b[39m {\u001b[22m\n\u001b[2m     \u001b[90m     |\u001b[39m   \u001b[31m\u001b[1m^\u001b[22m\u001b[2m\u001b[39m\u001b[22m\n\u001b[2m     \u001b[90m 263 |\u001b[39m     \u001b[36mconst\u001b[39m gapi \u001b[33m=\u001b[39m makeGapiMock({ signedIn\u001b[33m:\u001b[39m \u001b[36mtrue\u001b[39m })\u001b[33m;\u001b[39m\u001b[22m\n\u001b[2m     \u001b[90m 264 |\u001b[39m     \u001b[36mconst\u001b[39m authInstance \u001b[33m=\u001b[39m gapi\u001b[33m.\u001b[39mauth2\u001b[33m.\u001b[39mgetAuthInstance()\u001b[33m;\u001b[39m\u001b[22m\n\u001b[2m     \u001b[90m 265 |\u001b[39m     \u001b[36mif\u001b[39m (authInstance) {\u001b[0m\u001b[22m\n\u001b[2m\u001b[22m\n\u001b[2m      \u001b[2mat \u001b[22m\u001b[2m\u001b[0m\u001b[36msrc/lib/__tests__/googleDrive.test.ts\u001b[39m\u001b[0m\u001b[2m:262:3\u001b[22m\u001b[2m\u001b[22m\n\u001b[2m      \u001b[2mat Object.<anonymous> (\u001b[22m\u001b[2m\u001b[0m\u001b[36msrc/lib/__tests__/googleDrive.test.ts\u001b[39m\u001b[0m\u001b[2m:75:1)\u001b[22m\u001b[2m\u001b[22m\n\n\u001b[1m\u001b[31m  \u001b[1m● \u001b[22m\u001b[1mgoogleDrive (browser) › throws when refresh cannot access auth instance\u001b[39m\u001b[22m\n\n    thrown: \"Exceeded timeout of 5000 ms for a test.\n    Add a timeout value to this test to increase the timeout, if this is a long-running test. See https://jestjs.io/docs/api#testname-fn-timeout.\"\n\u001b[2m\u001b[22m\n\u001b[2m    \u001b[0m \u001b[90m 275 |\u001b[39m   })\u001b[33m;\u001b[39m\u001b[22m\n\u001b[2m     \u001b[90m 276 |\u001b[39m\u001b[22m\n\u001b[2m    \u001b[31m\u001b[1m>\u001b[22m\u001b[2m\u001b[39m\u001b[90m 277 |\u001b[39m   it(\u001b[32m'throws when refresh cannot access auth instance'\u001b[39m\u001b[33m,\u001b[39m \u001b[36masync\u001b[39m () \u001b[33m=>\u001b[39m {\u001b[22m\n\u001b[2m     \u001b[90m     |\u001b[39m   \u001b[31m\u001b[1m^\u001b[22m\u001b[2m\u001b[39m\u001b[22m\n\u001b[2m     \u001b[90m 278 |\u001b[39m     \u001b[36mconst\u001b[39m gapi \u001b[33m=\u001b[39m makeGapiMock({ signedIn\u001b[33m:\u001b[39m \u001b[36mtrue\u001b[39m })\u001b[33m;\u001b[39m\u001b[22m\n\u001b[2m     \u001b[90m 279 |\u001b[39m     gapi\u001b[33m.\u001b[39mauth2\u001b[33m.\u001b[39mgetAuthInstance \u001b[33m=\u001b[39m () \u001b[33m=>\u001b[39m undefined\u001b[33m;\u001b[39m\u001b[22m\n\u001b[2m     \u001b[90m 280 |\u001b[39m     \u001b[33mObject\u001b[39m\u001b[33m.\u001b[39mdefineProperty(window\u001b[33m,\u001b[39m \u001b[32m'gapi'\u001b[39m\u001b[33m,\u001b[39m { value\u001b[33m:\u001b[39m gapi\u001b[33m,\u001b[39m configurable\u001b[33m:\u001b[39m \u001b[36mtrue\u001b[39m })\u001b[33m;\u001b[39m\u001b[0m\u001b[22m\n\u001b[2m\u001b[22m\n\u001b[2m      \u001b[2mat \u001b[22m\u001b[2m\u001b[0m\u001b[36msrc/lib/__tests__/googleDrive.test.ts\u001b[39m\u001b[0m\u001b[2m:277:3\u001b[22m\u001b[2m\u001b[22m\n\u001b[2m      \u001b[2mat Object.<anonymous> (\u001b[22m\u001b[2m\u001b[0m\u001b[36msrc/lib/__tests__/googleDrive.test.ts\u001b[39m\u001b[0m\u001b[2m:75:1)\u001b[22m\u001b[2m\u001b[22m\n","name":"D:\\Adobe-Express-Remake\\src\\lib\\__tests__\\googleDrive.test.ts","startTime":1775015778849,"status":"failed","summary":""},{"assertionResults":[{"ancestorTitles":["ImageGeneratorModal"],"duration":12,"failureDetails":[],"failureMessages":[],"fullName":"ImageGeneratorModal returns null when closed","invocations":1,"location":null,"numPassingAsserts":1,"retryReasons":[],"status":"passed","title":"returns null when closed"},{"ancestorTitles":["ImageGeneratorModal"],"duration":24,"failureDetails":[],"failureMessages":[],"fullName":"ImageGeneratorModal creates a new zone rectangle when no active rect exists and cleans it up on unmount","invocations":1,"location":null,"numPassingAsserts":5,"retryReasons":[],"status":"passed","title":"creates a new zone rectangle when no active rect exists and cleans it up on unmount"},{"ancestorTitles":["ImageGeneratorModal"],"duration":16,"failureDetails":[],"failureMessages":[],"fullName":"ImageGeneratorModal uses selected rectangle as zone dimensions","invocations":1,"location":null,"numPassingAsserts":2,"retryReasons":[],"status":"passed","title":"uses selected rectangle as zone dimensions"},{"ancestorTitles":["ImageGeneratorModal"],"duration":42,"failureDetails":[],"failureMessages":[],"fullName":"ImageGeneratorModal loads provider options from localStorage and persists provider selection","invocations":1,"location":null,"numPassingAsserts":5,"retryReasons":[],"status":"passed","title":"loads provider options from localStorage and persists provider selection"},{"ancestorTitles":["ImageGeneratorModal"],"duration":1034,"failureDetails":[{"name":"TestingLibraryElementError"}],"failureMessages":["Error: Unable to find an element by: [data-testid=\"mock-next-image\"]\n\nIgnored nodes: comments, script, style\n\u001b[36m<body>\u001b[39m\n  \u001b[36m<div>\u001b[39m\n    \u001b[36m<div\u001b[39m\n      \u001b[33mclass\u001b[39m=\u001b[32m\"fixed z-[100] bg-card border border-border shadow-2xl rounded-xl overflow-hidden flex flex-col animate-in fade-in zoom-in-95 duration-200 w-[350px]\"\u001b[39m\n      \u001b[33mstyle\u001b[39m=\u001b[32m\"left: 90px; top: 220px;\"\u001b[39m\n    \u001b[36m>\u001b[39m\n      \u001b[36m<div\u001b[39m\n        \u001b[33mclass\u001b[39m=\u001b[32m\"h-10 bg-secondary/50 border-b flex items-center justify-between px-3 cursor-move select-none\"\u001b[39m\n      \u001b[36m>\u001b[39m\n        \u001b[36m<div\u001b[39m\n          \u001b[33mclass\u001b[39m=\u001b[32m\"flex items-center gap-2 text-sm font-semibold text-foreground/80\"\u001b[39m\n        \u001b[36m>\u001b[39m\n          \u001b[36m<svg\u001b[39m\n            \u001b[33maria-hidden\u001b[39m=\u001b[32m\"true\"\u001b[39m\n            \u001b[33mclass\u001b[39m=\u001b[32m\"lucide lucide-wand-sparkles text-primary\"\u001b[39m\n            \u001b[33mfill\u001b[39m=\u001b[32m\"none\"\u001b[39m\n            \u001b[33mheight\u001b[39m=\u001b[32m\"16\"\u001b[39m\n            \u001b[33mstroke\u001b[39m=\u001b[32m\"currentColor\"\u001b[39m\n            \u001b[33mstroke-linecap\u001b[39m=\u001b[32m\"round\"\u001b[39m\n            \u001b[33mstroke-linejoin\u001b[39m=\u001b[32m\"round\"\u001b[39m\n            \u001b[33mstroke-width\u001b[39m=\u001b[32m\"2\"\u001b[39m\n            \u001b[33mviewBox\u001b[39m=\u001b[32m\"0 0 24 24\"\u001b[39m\n            \u001b[33mwidth\u001b[39m=\u001b[32m\"16\"\u001b[39m\n            \u001b[33mxmlns\u001b[39m=\u001b[32m\"http://www.w3.org/2000/svg\"\u001b[39m\n          \u001b[36m>\u001b[39m\n            \u001b[36m<path\u001b[39m\n              \u001b[33md\u001b[39m=\u001b[32m\"m21.64 3.64-1.28-1.28a1.21 1.21 0 0 0-1.72 0L2.36 18.64a1.21 1.21 0 0 0 0 1.72l1.28 1.28a1.2 1.2 0 0 0 1.72 0L21.64 5.36a1.2 1.2 0 0 0 0-1.72\"\u001b[39m\n            \u001b[36m/>\u001b[39m\n            \u001b[36m<path\u001b[39m\n              \u001b[33md\u001b[39m=\u001b[32m\"m14 7 3 3\"\u001b[39m\n            \u001b[36m/>\u001b[39m\n            \u001b[36m<path\u001b[39m\n              \u001b[33md\u001b[39m=\u001b[32m\"M5 6v4\"\u001b[39m\n            \u001b[36m/>\u001b[39m\n            \u001b[36m<path\u001b[39m\n              \u001b[33md\u001b[39m=\u001b[32m\"M19 14v4\"\u001b[39m\n            \u001b[36m/>\u001b[39m\n            \u001b[36m<path\u001b[39m\n              \u001b[33md\u001b[39m=\u001b[32m\"M10 2v2\"\u001b[39m\n            \u001b[36m/>\u001b[39m\n            \u001b[36m<path\u001b[39m\n              \u001b[33md\u001b[39m=\u001b[32m\"M7 8H3\"\u001b[39m\n            \u001b[36m/>\u001b[39m\n            \u001b[36m<path\u001b[39m\n              \u001b[33md\u001b[39m=\u001b[32m\"M21 16h-4\"\u001b[39m\n            \u001b[36m/>\u001b[39m\n            \u001b[36m<path\u001b[39m\n              \u001b[33md\u001b[39m=\u001b[32m\"M11 3H9\"\u001b[39m\n            \u001b[36m/>\u001b[39m\n          \u001b[36m</svg>\u001b[39m\n          \u001b[0mGenerative\u001b[0m\n        \u001b[36m</div>\u001b[39m\n        \u001b[36m<button\u001b[39m\n          \u001b[33mclass\u001b[39m=\u001b[32m\"p-1 hover:bg-secondary rounded text-muted-foreground hover:text-foreground transition-colors no-drag\"\u001b[39m\n        \u001b[36m>\u001b[39m\n          \u001b[36m<svg\u001b[39m\n            \u001b[33maria-hidden\u001b[39m=\u001b[32m\"true\"\u001b[39m\n            \u001b[33mclass\u001b[39m=\u001b[32m\"lucide lucide-x\"\u001b[39m\n            \u001b[33mfill\u001b[39m=\u001b[32m\"none\"\u001b[39m\n            \u001b[33mheight\u001b[39m=\u001b[32m\"16\"\u001b[39m\n            \u001b[33mstroke\u001b[39m=\u001b[32m\"currentColor\"\u001b[39m\n            \u001b[33mstroke-linecap\u001b[39m=\u001b[32m\"round\"\u001b[39m\n            \u001b[33mstroke-linejoin\u001b[39m=\u001b[32m\"round\"\u001b[39m\n            \u001b[33mstroke-width\u001b[39m=\u001b[32m\"2\"\u001b[39m\n            \u001b[33mviewBox\u001b[39m=\u001b[32m\"0 0 24 24\"\u001b[39m\n            \u001b[33mwidth\u001b[39m=\u001b[32m\"16\"\u001b[39m\n            \u001b[33mxmlns\u001b[39m=\u001b[32m\"http://www.w3.org/2000/svg\"\u001b[39m\n          \u001b[36m>\u001b[39m\n            \u001b[36m<path\u001b[39m\n              \u001b[33md\u001b[39m=\u001b[32m\"M18 6 6 18\"\u001b[39m\n            \u001b[36m/>\u001b[39m\n            \u001b[36m<path\u001b[39m\n              \u001b[33md\u001b[39m=\u001b[32m\"m6 6 12 12\"\u001b[39m\n            \u001b[36m/>\u001b[39m\n          \u001b[36m</svg>\u001b[39m\n        \u001b[36m</button>\u001b[39m\n      \u001b[36m</div>\u001b[39m\n      \u001b[36m<div\u001b[39m\n        \u001b[33mclass\u001b[39m=\u001b[32m\"p-4 bg-background overflow-y-auto no-drag max-h-[70vh]\"\u001b[39m\n      \u001b[36m>\u001b[39m\n        \u001b[36m<div\u001b[39m\n          \u001b[33mclass\u001b[39m=\u001b[32m\"space-y-3\"\u001b[39m\n        \u001b[36m>\u001b[39m\n          \u001b[36m<div\u001b[39m\n            \u001b[33mclass\u001b[39m=\u001b[32m\"space-y-1\"\u001b[39m\n          \u001b[36m>\u001b[39m\n            \u001b[36m<label\u001b[39m\n              \u001b[33mclass\u001b[39m=\u001b[32m\"text-[10px] font-medium text-muted-foreground uppercase tracking-wider\"\u001b[39m\n            \u001b[36m>\u001b[39m\n              \u001b[0mAI Provider\u001b[0m\n            \u001b[36m</label>\u001b[39m\n            \u001b[36m<select\u001b[39m\n              \u001b[33mclass\u001b[39m=\u001b[32m\"w-full text-xs p-2 rounded-md border bg-background\"\u001b[39m\n            \u001b[36m>\u001b[39m\n              \u001b[36m<option\u001b[39m\n                \u001b[33mclass\u001b[39m=\u001b[32m\"bg-zinc-950 text-white\"\u001b[39m\n                \u001b[33mvalue\u001b[39m=\u001b[32m\"comfy\"\u001b[39m\n              \u001b[36m>\u001b[39m\n                \u001b[0mComfyUI\u001b[0m\n              \u001b[36m</option>\u001b[39m\n              \u001b[36m<option\u001b[39m\n                \u001b[33mclass\u001b[39m=\u001b[32m\"bg-zinc-950 text-white\"\u001b[39m\n                \u001b[33mvalue\u001b[39m=\u001b[32m\"openai\"\u001b[39m\n              \u001b[36m>\u001b[39m\n                \u001b[0mChatGPT / OpenAI\u001b[0m\n              \u001b[36m</option>\u001b[39m\n            \u001b[36m</select>\u001b[39m\n          \u001b[36m</div>\u001b[39m\n          \u001b[36m<div\u001b[39m\n            \u001b[33mclass\u001b[39m=\u001b[32m\"text-[10px] text-muted-foreground border border-border/60 rounded-md px-2 py-1 bg-background/60\"\u001b[39m\n          \u001b[36m>\u001b[39m\n            \u001b[0mRequests route to \u001b[0m\n            \u001b[36m<span\u001b[39m\n              \u001b[33mclass\u001b[39m=\u001b[32m\"font-semibold text-foreground\"\u001b[39m\n            \u001b[36m>\u001b[39m\n              \u001b[0mChatGPT / OpenAI\u001b[0m\n            \u001b[36m</span>\u001b[39m\n            \u001b[0m. Supported workflows: \u001b[0m\n            \u001b[0mzone\u001b[0m\n            \u001b[0m.\u001b[0m\n          \u001b[36m</div>\u001b[39m\n        \u001b[36m</div>\u001b[39m\n        \u001b[36m<div\u001b[39m\n          \u001b[33mclass\u001b[39m=\u001b[32m\"space-y-4\"\u001b[39m\n        \u001b[36m>\u001b[39m\n          \u001b[36m<div\u001b[39m\n            \u001b[33mclass\u001b[39m=\u001b[32m\"space-y-2\"\u001b[39m\n          \u001b[36m>\u001b[39m\n            \u001b[36m<label\u001b[39m\n              \u001b[33mclass\u001b[39m=\u001b[32m\"text-xs font-medium text-muted-foreground flex justify-between\"\u001b[39m\n            \u001b[36m>\u001b[39m\n              \u001b[0mPrompt\u001b[0m\n              \u001b[36m<span\u001b[39m\n                \u001b[33mclass\u001b[39m=\u001b[32m\"text-[10px] bg-secondary px-1.5 py-0.5 rounded text-foreground\"\u001b[39m\n              \u001b[36m>\u001b[39m\n                \u001b[0m512\u001b[0m\n                \u001b[0mx\u001b[0m\n                \u001b[0m512\u001b[0m\n              \u001b[36m</span>\u001b[39m\n            \u001b[36m</label>\u001b[39m\n            \u001b[36m<textarea\u001b[39m\n              \u001b[33mclass\u001b[39m=\u001b[32m\"w-full text-sm p-3 rounded-lg border bg-background focus:ring-2 focus:ring-primary/20 min-h-[80px] resize-none transition-all placeholder:text-muted-foreground/50\"\u001b[39m\n              \u001b[33mplaceholder\u001b[39m=\u001b[32m\"Describe what you want to appear in the zone...\"\u001b[39m\n            \u001b[36m>\u001b[39m\n              \u001b[0mA robot in watercolor\u001b[0m\n            \u001b[36m</textarea>\u001b[39m\n          \u001b[36m</div>\u001b[39m\n          \u001b[36m<div\u001b[39m\n            \u001b[33mclass\u001b[39m=\u001b[32m\"space-y-2 rounded-md border border-border/70 bg-secondary/20 p-2\"\u001b[39m\n          \u001b[36m>\u001b[39m\n            \u001b[36m<label\u001b[39m\n              \u001b[33mclass\u001b[39m=\u001b[32m\"flex items-center justify-between text-[11px] font-medium text-foreground/80\"\u001b[39m\n            \u001b[36m>\u001b[39m\n              \u001b[36m<span>\u001b[39m\n                \u001b[0mAI Edit Notes (beta)\u001b[0m\n              \u001b[36m</span>\u001b[39m\n              \u001b[36m<input\u001b[39m\n                \u001b[33mtype\u001b[39m=\u001b[32m\"checkbox\"\u001b[39m\n              \u001b[36m/>\u001b[39m\n            \u001b[36m</label>\u001b[39m\n            \u001b[36m<div\u001b[39m\n              \u001b[33mclass\u001b[39m=\u001b[32m\"rounded border border-border/60 bg-background/50 px-2 py-1 text-[10px] text-muted-foreground\"\u001b[39m\n            \u001b[36m>\u001b[39m\n              \u001b[0mTurn on \u001b[0m\n              \u001b[36m<span\u001b[39m\n                \u001b[33mclass\u001b[39m=\u001b[32m\"font-medium text-foreground\"\u001b[39m\n              \u001b[36m>\u001b[39m\n                \u001b[0mAI Edit Notes\u001b[0m\n              \u001b[36m</span>\u001b[39m\n              \u001b[0m to access the \u001b[0m\n              \u001b[36m<span\u001b[39m\n                \u001b[33mclass\u001b[39m=\u001b[32m\"font-medium text-foreground\"\u001b[39m\n              \u001b[36m>\u001b[39m\n                \u001b[0mCreate Reference Layer\u001b[0m\n              \u001b[36m</span>\u001b[39m\n              \u001b[0m action from selected canvas layer.\u001b[0m\n            \u001b[36m</div>\u001b[39m\n          \u001b[36m</div>\u001b[39m\n          \u001b[36m<div\u001b[39m\n            \u001b[33mclass\u001b[39m=\u001b[32m\"grid grid-cols-2 gap-2\"\u001b[39m\n          \u001b[36m>\u001b[39m\n            \u001b[36m<div\u001b[39m\n              \u001b[33mclass\u001b[39m=\u001b[32m\"space-y-1\"\u001b[39m\n            \u001b[36m>\u001b[39m\n              \u001b[36m<label\u001b[39m\n                \u001b[33mclass\u001b[39m=\u001b[32m\"text-[10px] font-medium text-muted-foreground uppercase tracking-wider\"\u001b[39m\n              \u001b[36m>\u001b[39m\n                \u001b[0mAspect\u001b[0m\n              \u001b[36m</label>\u001b[39m\n              \u001b[36m<div\u001b[39m\n                \u001b[33mclass\u001b[39m=\u001b[32m\"space-y-1 rounded-md border bg-secondary/20 p-2\"\u001b[39m\n              \u001b[36m>\u001b[39m\n                \u001b[36m<div\u001b[39m\n                  \u001b[33mclass\u001b[39m=\u001b[32m\"grid grid-cols-2 gap-1\"\u001b[39m\n                \u001b[36m>\u001b[39m\n                  \u001b[36m<input\u001b[39m\n                    \u001b[33mclass\u001b[39m=\u001b[32m\"w-full rounded border bg-background p-1 text-xs\"\u001b[39m\n                    \u001b[33mmin\u001b[39m=\u001b[32m\"1\"\u001b[39m\n                    \u001b[33mtitle\u001b[39m=\u001b[32m\"Custom width (free input)\"\u001b[39m\n                    \u001b[33mtype\u001b[39m=\u001b[32m\"number\"\u001b[39m\n                    \u001b[33mvalue\u001b[39m=\u001b[32m\"512\"\u001b[39m\n                  \u001b[36m/>\u001b[39m\n                  \u001b[36m<input\u001b[39m\n                    \u001b[33mclass\u001b[39m=\u001b[32m\"w-full rounded border bg-secondary/40 p-1 text-xs text-muted-foreground\"\u001b[39m\n                    \u001b[33mmin\u001b[39m=\u001b[32m\"1\"\u001b[39m\n                    \u001b[33mreadonly\u001b[39m=\u001b[32m\"\"\u001b[39m\n                    \u001b[33mtitle\u001b[39m=\u001b[32m\"Auto-adjusted model-optimized height\"\u001b[39m\n                    \u001b[33mtype\u001b[39m=\u001b[32m\"number\"\u001b[39m\n                    \u001b[33mvalue\u001b[39m=\u001b[32m\"512\"\u001b[39m\n                  \u001b[36m/>\u001b[39m\n                \u001b[36m</div>\u001b[39m\n                \u001b[36m<div\u001b[39m\n                  \u001b[33mclass\u001b[39m=\u001b[32m\"text-[10px] text-muted-foreground\"\u001b[39m\n                \u001b[36m>\u001b[39m\n                  \u001b[0mCustom aspect: \u001b[0m\n                  \u001b[0m512\u001b[0m\n                  \u001b[0m×\u001b[0m\n                  \u001b[0m512\u001b[0m\n                \u001b[36m</div>\u001b[39m\n                \u001b[36m<div\u001b[39m\n                  \u001b[33mclass\u001b[39m=\u001b[32m\"text-[10px] text-muted-foreground\"\u001b[39m\n                \u001b[36m>\u001b[39m\n                  \u001b[0mModel-adapted: \u001b[0m\n                  \u001b[0m512\u001b[0m\n                  \u001b[0m×\u001b[0m\n                  \u001b[0m512\u001b[0m\n                \u001b[36m</div>\u001b[39m\n              \u001b[36m</div>\u001b[39m\n            \u001b[36m</div>\u001b[39m\n            \u001b[36m<div\u001b[39m\n              \u001b[33mclass\u001b[39m=\u001b[32m\"space-y-1\"\u001b[39m\n            \u001b[36m>\u001b[39m\n              \u001b[36m<label\u001b[39m\n                \u001b[33mclass\u001b[39m=\u001b[32m\"text-[10px] font-medium text-muted-foreground uppercase tracking-wider\"\u001b[39m\n              \u001b[36m>\u001b[39m\n                \u001b[0mProvider Status\u001b[0m\n              \u001b[36m</label>\u001b[39m\n              \u001b[36m<div\u001b[39m\n                \u001b[33mclass\u001b[39m=\u001b[32m\"w-full text-xs p-2 rounded-md border bg-secondary/20 text-muted-foreground truncate\"\u001b[39m\n              \u001b[36m>\u001b[39m\n                \u001b[0mReady for generation\u001b[0m\n              \u001b[36m</div>\u001b[39m\n            \u001b[36m</div>\u001b[39m\n          \u001b[36m</div>\u001b[39m\n          \u001b[36m<button\u001b[39m\n            \u001b[33mclass\u001b[39m=\u001b[32m\"w-full bg-primary text-primary-foreground hover:bg-primary/90 disabled:opacity-50 disabled:cursor-not-allowed py-2.5 rounded-lg font-medium text-sm transition-all flex items-center justify-center gap-2 shadow-sm\"\u001b[39m\n          \u001b[36m>\u001b[39m\n            \u001b[36m<svg\u001b[39m\n              \u001b[33maria-hidden\u001b[39m=\u001b[32m\"true\"\u001b[39m\n              \u001b[33mclass\u001b[39m=\u001b[32m\"lucide lucide-wand-sparkles\"\u001b[39m\n              \u001b[33mfill\u001b[39m=\u001b[32m\"none\"\u001b[39m\n              \u001b[33mheight\u001b[39m=\u001b[32m\"16\"\u001b[39m\n              \u001b[33mstroke\u001b[39m=\u001b[32m\"currentColor\"\u001b[39m\n              \u001b[33mstroke-linecap\u001b[39m=\u001b[32m\"round\"\u001b[39m\n              \u001b[33mstroke-linejoin\u001b[39m=\u001b[32m\"round\"\u001b[39m\n              \u001b[33mstroke-width\u001b[39m=\u001b[32m\"2\"\u001b[39m\n              \u001b[33mviewBox\u001b[39m=\u001b[32m\"0 0 24 24\"\u001b[39m\n              \u001b[33mwidth\u001b[39m=\u001b[32m\"16\"\u001b[39m\n              \u001b[33mxmlns\u001b[39m=\u001b[32m\"http://www.w3.org/2000/svg\"\u001b[39m\n            \u001b[36m>\u001b[39m\n              \u001b[36m<path\u001b[39m\n                \u001b[33md\u001b[39m=\u001b[32m\"m21.64 3.64-1.28-1.28a1.21 1.21 0 0 0-1.72 0L2.36 18.64a1.21 1.21 0 0 0 0 1.72l1.28 1.28a1.2 1.2 0 0 0 1.72 0L21.64 5.36a1.2 1.2 0 0 0 0-1.72\"\u001b[39m\n              \u001b[36m/>\u001b[39m\n              \u001b[36m<path\u001b[39m\n                \u001b[33md\u001b[39m=\u001b[32m\"m14 7 3 3\"\u001b[39m\n              \u001b[36m/>\u001b[39m\n              \u001b[36m<path\u001b[39m\n                \u001b[33md\u001b[39m=\u001b[32m\"M5 6v4\"\u001b[39m\n              \u001b[36m/>\u001b[39m\n              \u001b[36m<path\u001b[39m\n                \u001b[33md\u001b[39m=\u001b[32m\"M19 14v4\"\u001b[39m\n              \u001b[36m/>\u001b[39m\n              \u001b[36m<path\u001b[39m\n                \u001b[33md\u001b[39m=\u001b[32m\"M10 2v2\"\u001b[39m\n              \u001b[36m/>\u001b[39m\n              \u001b[36m<path\u001b[39m\n                \u001b[33md\u001b[39m=\u001b[32m\"M7 8H3\"\u001b[39m\n              \u001b[36m/>\u001b[39m\n              \u001b[36m<path\u001b[39m\n                \u001b[33md\u001b[39m=\u001b[32m\"M21 16h-4\"\u001b[39m\n              \u001b[36m/>\u001b[39m\n              \u001b[36m<path\u001b[39m\n                \u001b[33md\u001b[39m=\u001b[32m\"M11 3H9\"\u001b[39m\n              \u001b[36m/>\u001b[39m\n            \u001b[36m</svg>\u001b[39m\n            \u001b[0mGenerate Image\u001b[0m\n          \u001b[36m</button>\u001b[39m\n          \u001b[36m<div\u001b[39m\n            \u001b[33mclass\u001b[39m=\u001b[32m\"text-xs py-2 px-3 rounded-md bg-destructive/10 text-destructive\"\u001b[39m\n          \u001b[36m>\u001b[39m\n            \u001b[36m<div\u001b[39m\n              \u001b[33mclass\u001b[39m=\u001b[32m\"flex items-center justify-between gap-2\"\u001b[39m\n            \u001b[36m>\u001b[39m\n              \u001b[36m<span\u001b[39m\n                \u001b[33mclass\u001b[39m=\u001b[32m\"text-left\"\u001b[39m\n              \u001b[36m>\u001b[39m\n                \u001b[0mError: Cannot read properties of undefined (reading 'json')\u001b[0m\n              \u001b[36m</span>\u001b[39m\n            \u001b[36m</div>\u001b[39m\n          \u001b[36m</div>\u001b[39m\n          \u001b[36m<div\u001b[39m\n            \u001b[33mclass\u001b[39m=\u001b[32m\"text-[10px] text-muted-foreground border border-border/60 rounded-md px-2 py-1 bg-background/60\"\u001b[39m\n          \u001b[36m>\u001b[39m\n            \u001b[0mActive default provider: \u001b[0m\n            \u001b[0mChatGPT / OpenAI\u001b[0m\n          \u001b[36m</div>\u001b[39m\n        \u001b[36m</div>\u001b[39m\n      \u001b[36m</div>\u001b[39m\n    \u001b[36m</div>\u001b[39m\n  \u001b[36m</div>\u001b[39m\n\u001b[36m</body>\u001b[39m\n    at waitForWrapper (D:\\Adobe-Express-Remake\\node_modules\\@testing-library\\dom\\dist\\wait-for.js:163:27)\n    at Object.<anonymous> (D:\\Adobe-Express-Remake\\src\\components\\__tests__\\ImageGeneratorModal.test.tsx:243:22)\n    at Promise.then.completed (D:\\Adobe-Express-Remake\\node_modules\\jest-circus\\build\\utils.js:298:28)\n    at new Promise (<anonymous>)\n    at callAsyncCircusFn (D:\\Adobe-Express-Remake\\node_modules\\jest-circus\\build\\utils.js:231:10)\n    at _callCircusTest (D:\\Adobe-Express-Remake\\node_modules\\jest-circus\\build\\run.js:316:40)\n    at async _runTest (D:\\Adobe-Express-Remake\\node_modules\\jest-circus\\build\\run.js:252:3)\n    at async _runTestsForDescribeBlock (D:\\Adobe-Express-Remake\\node_modules\\jest-circus\\build\\run.js:126:9)\n    at async _runTestsForDescribeBlock (D:\\Adobe-Express-Remake\\node_modules\\jest-circus\\build\\run.js:121:9)\n    at async run (D:\\Adobe-Express-Remake\\node_modules\\jest-circus\\build\\run.js:71:3)\n    at async runAndTransformResultsToJestFormat (D:\\Adobe-Express-Remake\\node_modules\\jest-circus\\build\\legacy-code-todo-rewrite\\jestAdapterInit.js:122:21)\n    at async jestAdapter (D:\\Adobe-Express-Remake\\node_modules\\jest-circus\\build\\legacy-code-todo-rewrite\\jestAdapter.js:79:19)\n    at async runTestInternal (D:\\Adobe-Express-Remake\\node_modules\\jest-runner\\build\\runTest.js:367:16)\n    at async runTest (D:\\Adobe-Express-Remake\\node_modules\\jest-runner\\build\\runTest.js:444:34)"],"fullName":"ImageGeneratorModal generates image via remote provider and shows preview","invocations":1,"location":null,"numPassingAsserts":0,"retryReasons":[],"status":"failed","title":"generates image via remote provider and shows preview"},{"ancestorTitles":["ImageGeneratorModal"],"duration":1033,"failureDetails":[{"name":"TestingLibraryElementError"}],"failureMessages":["Error: Unable to find an element with the text: Error: Generation failed upstream. This could be because the text is broken up by multiple elements. In this case, you can provide a function for your text matcher to make your matcher more flexible.\n\nIgnored nodes: comments, script, style\n\u001b[36m<body>\u001b[39m\n  \u001b[36m<div>\u001b[39m\n    \u001b[36m<div\u001b[39m\n      \u001b[33mclass\u001b[39m=\u001b[32m\"fixed z-[100] bg-card border border-border shadow-2xl rounded-xl overflow-hidden flex flex-col animate-in fade-in zoom-in-95 duration-200 w-[350px]\"\u001b[39m\n      \u001b[33mstyle\u001b[39m=\u001b[32m\"left: 90px; top: 220px;\"\u001b[39m\n    \u001b[36m>\u001b[39m\n      \u001b[36m<div\u001b[39m\n        \u001b[33mclass\u001b[39m=\u001b[32m\"h-10 bg-secondary/50 border-b flex items-center justify-between px-3 cursor-move select-none\"\u001b[39m\n      \u001b[36m>\u001b[39m\n        \u001b[36m<div\u001b[39m\n          \u001b[33mclass\u001b[39m=\u001b[32m\"flex items-center gap-2 text-sm font-semibold text-foreground/80\"\u001b[39m\n        \u001b[36m>\u001b[39m\n          \u001b[36m<svg\u001b[39m\n            \u001b[33maria-hidden\u001b[39m=\u001b[32m\"true\"\u001b[39m\n            \u001b[33mclass\u001b[39m=\u001b[32m\"lucide lucide-wand-sparkles text-primary\"\u001b[39m\n            \u001b[33mfill\u001b[39m=\u001b[32m\"none\"\u001b[39m\n            \u001b[33mheight\u001b[39m=\u001b[32m\"16\"\u001b[39m\n            \u001b[33mstroke\u001b[39m=\u001b[32m\"currentColor\"\u001b[39m\n            \u001b[33mstroke-linecap\u001b[39m=\u001b[32m\"round\"\u001b[39m\n            \u001b[33mstroke-linejoin\u001b[39m=\u001b[32m\"round\"\u001b[39m\n            \u001b[33mstroke-width\u001b[39m=\u001b[32m\"2\"\u001b[39m\n            \u001b[33mviewBox\u001b[39m=\u001b[32m\"0 0 24 24\"\u001b[39m\n            \u001b[33mwidth\u001b[39m=\u001b[32m\"16\"\u001b[39m\n            \u001b[33mxmlns\u001b[39m=\u001b[32m\"http://www.w3.org/2000/svg\"\u001b[39m\n          \u001b[36m>\u001b[39m\n            \u001b[36m<path\u001b[39m\n              \u001b[33md\u001b[39m=\u001b[32m\"m21.64 3.64-1.28-1.28a1.21 1.21 0 0 0-1.72 0L2.36 18.64a1.21 1.21 0 0 0 0 1.72l1.28 1.28a1.2 1.2 0 0 0 1.72 0L21.64 5.36a1.2 1.2 0 0 0 0-1.72\"\u001b[39m\n            \u001b[36m/>\u001b[39m\n            \u001b[36m<path\u001b[39m\n              \u001b[33md\u001b[39m=\u001b[32m\"m14 7 3 3\"\u001b[39m\n            \u001b[36m/>\u001b[39m\n            \u001b[36m<path\u001b[39m\n              \u001b[33md\u001b[39m=\u001b[32m\"M5 6v4\"\u001b[39m\n            \u001b[36m/>\u001b[39m\n            \u001b[36m<path\u001b[39m\n              \u001b[33md\u001b[39m=\u001b[32m\"M19 14v4\"\u001b[39m\n            \u001b[36m/>\u001b[39m\n            \u001b[36m<path\u001b[39m\n              \u001b[33md\u001b[39m=\u001b[32m\"M10 2v2\"\u001b[39m\n            \u001b[36m/>\u001b[39m\n            \u001b[36m<path\u001b[39m\n              \u001b[33md\u001b[39m=\u001b[32m\"M7 8H3\"\u001b[39m\n            \u001b[36m/>\u001b[39m\n            \u001b[36m<path\u001b[39m\n              \u001b[33md\u001b[39m=\u001b[32m\"M21 16h-4\"\u001b[39m\n            \u001b[36m/>\u001b[39m\n            \u001b[36m<path\u001b[39m\n              \u001b[33md\u001b[39m=\u001b[32m\"M11 3H9\"\u001b[39m\n            \u001b[36m/>\u001b[39m\n          \u001b[36m</svg>\u001b[39m\n          \u001b[0mGenerative\u001b[0m\n        \u001b[36m</div>\u001b[39m\n        \u001b[36m<button\u001b[39m\n          \u001b[33mclass\u001b[39m=\u001b[32m\"p-1 hover:bg-secondary rounded text-muted-foreground hover:text-foreground transition-colors no-drag\"\u001b[39m\n        \u001b[36m>\u001b[39m\n          \u001b[36m<svg\u001b[39m\n            \u001b[33maria-hidden\u001b[39m=\u001b[32m\"true\"\u001b[39m\n            \u001b[33mclass\u001b[39m=\u001b[32m\"lucide lucide-x\"\u001b[39m\n            \u001b[33mfill\u001b[39m=\u001b[32m\"none\"\u001b[39m\n            \u001b[33mheight\u001b[39m=\u001b[32m\"16\"\u001b[39m\n            \u001b[33mstroke\u001b[39m=\u001b[32m\"currentColor\"\u001b[39m\n            \u001b[33mstroke-linecap\u001b[39m=\u001b[32m\"round\"\u001b[39m\n            \u001b[33mstroke-linejoin\u001b[39m=\u001b[32m\"round\"\u001b[39m\n            \u001b[33mstroke-width\u001b[39m=\u001b[32m\"2\"\u001b[39m\n            \u001b[33mviewBox\u001b[39m=\u001b[32m\"0 0 24 24\"\u001b[39m\n            \u001b[33mwidth\u001b[39m=\u001b[32m\"16\"\u001b[39m\n            \u001b[33mxmlns\u001b[39m=\u001b[32m\"http://www.w3.org/2000/svg\"\u001b[39m\n          \u001b[36m>\u001b[39m\n            \u001b[36m<path\u001b[39m\n              \u001b[33md\u001b[39m=\u001b[32m\"M18 6 6 18\"\u001b[39m\n            \u001b[36m/>\u001b[39m\n            \u001b[36m<path\u001b[39m\n              \u001b[33md\u001b[39m=\u001b[32m\"m6 6 12 12\"\u001b[39m\n            \u001b[36m/>\u001b[39m\n          \u001b[36m</svg>\u001b[39m\n        \u001b[36m</button>\u001b[39m\n      \u001b[36m</div>\u001b[39m\n      \u001b[36m<div\u001b[39m\n        \u001b[33mclass\u001b[39m=\u001b[32m\"p-4 bg-background overflow-y-auto no-drag max-h-[70vh]\"\u001b[39m\n      \u001b[36m>\u001b[39m\n        \u001b[36m<div\u001b[39m\n          \u001b[33mclass\u001b[39m=\u001b[32m\"space-y-3\"\u001b[39m\n        \u001b[36m>\u001b[39m\n          \u001b[36m<div\u001b[39m\n            \u001b[33mclass\u001b[39m=\u001b[32m\"space-y-1\"\u001b[39m\n          \u001b[36m>\u001b[39m\n            \u001b[36m<label\u001b[39m\n              \u001b[33mclass\u001b[39m=\u001b[32m\"text-[10px] font-medium text-muted-foreground uppercase tracking-wider\"\u001b[39m\n            \u001b[36m>\u001b[39m\n              \u001b[0mAI Provider\u001b[0m\n            \u001b[36m</label>\u001b[39m\n            \u001b[36m<select\u001b[39m\n              \u001b[33mclass\u001b[39m=\u001b[32m\"w-full text-xs p-2 rounded-md border bg-background\"\u001b[39m\n            \u001b[36m>\u001b[39m\n              \u001b[36m<option\u001b[39m\n                \u001b[33mclass\u001b[39m=\u001b[32m\"bg-zinc-950 text-white\"\u001b[39m\n                \u001b[33mvalue\u001b[39m=\u001b[32m\"comfy\"\u001b[39m\n              \u001b[36m>\u001b[39m\n                \u001b[0mComfyUI\u001b[0m\n              \u001b[36m</option>\u001b[39m\n              \u001b[36m<option\u001b[39m\n                \u001b[33mclass\u001b[39m=\u001b[32m\"bg-zinc-950 text-white\"\u001b[39m\n                \u001b[33mvalue\u001b[39m=\u001b[32m\"openai\"\u001b[39m\n              \u001b[36m>\u001b[39m\n                \u001b[0mChatGPT / OpenAI\u001b[0m\n              \u001b[36m</option>\u001b[39m\n            \u001b[36m</select>\u001b[39m\n          \u001b[36m</div>\u001b[39m\n          \u001b[36m<div\u001b[39m\n            \u001b[33mclass\u001b[39m=\u001b[32m\"text-[10px] text-muted-foreground border border-border/60 rounded-md px-2 py-1 bg-background/60\"\u001b[39m\n          \u001b[36m>\u001b[39m\n            \u001b[0mRequests route to \u001b[0m\n            \u001b[36m<span\u001b[39m\n              \u001b[33mclass\u001b[39m=\u001b[32m\"font-semibold text-foreground\"\u001b[39m\n            \u001b[36m>\u001b[39m\n              \u001b[0mChatGPT / OpenAI\u001b[0m\n            \u001b[36m</span>\u001b[39m\n            \u001b[0m. Supported workflows: \u001b[0m\n            \u001b[0mzone\u001b[0m\n            \u001b[0m.\u001b[0m\n          \u001b[36m</div>\u001b[39m\n        \u001b[36m</div>\u001b[39m\n        \u001b[36m<div\u001b[39m\n          \u001b[33mclass\u001b[39m=\u001b[32m\"space-y-4\"\u001b[39m\n        \u001b[36m>\u001b[39m\n          \u001b[36m<div\u001b[39m\n            \u001b[33mclass\u001b[39m=\u001b[32m\"space-y-2\"\u001b[39m\n          \u001b[36m>\u001b[39m\n            \u001b[36m<label\u001b[39m\n              \u001b[33mclass\u001b[39m=\u001b[32m\"text-xs font-medium text-muted-foreground flex justify-between\"\u001b[39m\n            \u001b[36m>\u001b[39m\n              \u001b[0mPrompt\u001b[0m\n              \u001b[36m<span\u001b[39m\n                \u001b[33mclass\u001b[39m=\u001b[32m\"text-[10px] bg-secondary px-1.5 py-0.5 rounded text-foreground\"\u001b[39m\n              \u001b[36m>\u001b[39m\n                \u001b[0m512\u001b[0m\n                \u001b[0mx\u001b[0m\n                \u001b[0m512\u001b[0m\n              \u001b[36m</span>\u001b[39m\n            \u001b[36m</label>\u001b[39m\n            \u001b[36m<textarea\u001b[39m\n              \u001b[33mclass\u001b[39m=\u001b[32m\"w-full text-sm p-3 rounded-lg border bg-background focus:ring-2 focus:ring-primary/20 min-h-[80px] resize-none transition-all placeholder:text-muted-foreground/50\"\u001b[39m\n              \u001b[33mplaceholder\u001b[39m=\u001b[32m\"Describe what you want to appear in the zone...\"\u001b[39m\n            \u001b[36m>\u001b[39m\n              \u001b[0mBad request\u001b[0m\n            \u001b[36m</textarea>\u001b[39m\n          \u001b[36m</div>\u001b[39m\n          \u001b[36m<div\u001b[39m\n            \u001b[33mclass\u001b[39m=\u001b[32m\"space-y-2 rounded-md border border-border/70 bg-secondary/20 p-2\"\u001b[39m\n          \u001b[36m>\u001b[39m\n            \u001b[36m<label\u001b[39m\n              \u001b[33mclass\u001b[39m=\u001b[32m\"flex items-center justify-between text-[11px] font-medium text-foreground/80\"\u001b[39m\n            \u001b[36m>\u001b[39m\n              \u001b[36m<span>\u001b[39m\n                \u001b[0mAI Edit Notes (beta)\u001b[0m\n              \u001b[36m</span>\u001b[39m\n              \u001b[36m<input\u001b[39m\n                \u001b[33mtype\u001b[39m=\u001b[32m\"checkbox\"\u001b[39m\n              \u001b[36m/>\u001b[39m\n            \u001b[36m</label>\u001b[39m\n            \u001b[36m<div\u001b[39m\n              \u001b[33mclass\u001b[39m=\u001b[32m\"rounded border border-border/60 bg-background/50 px-2 py-1 text-[10px] text-muted-foreground\"\u001b[39m\n            \u001b[36m>\u001b[39m\n              \u001b[0mTurn on \u001b[0m\n              \u001b[36m<span\u001b[39m\n                \u001b[33mclass\u001b[39m=\u001b[32m\"font-medium text-foreground\"\u001b[39m\n              \u001b[36m>\u001b[39m\n                \u001b[0mAI Edit Notes\u001b[0m\n              \u001b[36m</span>\u001b[39m\n              \u001b[0m to access the \u001b[0m\n              \u001b[36m<span\u001b[39m\n                \u001b[33mclass\u001b[39m=\u001b[32m\"font-medium text-foreground\"\u001b[39m\n              \u001b[36m>\u001b[39m\n                \u001b[0mCreate Reference Layer\u001b[0m\n              \u001b[36m</span>\u001b[39m\n              \u001b[0m action from selected canvas layer.\u001b[0m\n            \u001b[36m</div>\u001b[39m\n          \u001b[36m</div>\u001b[39m\n          \u001b[36m<div\u001b[39m\n            \u001b[33mclass\u001b[39m=\u001b[32m\"grid grid-cols-2 gap-2\"\u001b[39m\n          \u001b[36m>\u001b[39m\n            \u001b[36m<div\u001b[39m\n              \u001b[33mclass\u001b[39m=\u001b[32m\"space-y-1\"\u001b[39m\n            \u001b[36m>\u001b[39m\n              \u001b[36m<label\u001b[39m\n                \u001b[33mclass\u001b[39m=\u001b[32m\"text-[10px] font-medium text-muted-foreground uppercase tracking-wider\"\u001b[39m\n              \u001b[36m>\u001b[39m\n                \u001b[0mAspect\u001b[0m\n              \u001b[36m</label>\u001b[39m\n              \u001b[36m<div\u001b[39m\n                \u001b[33mclass\u001b[39m=\u001b[32m\"space-y-1 rounded-md border bg-secondary/20 p-2\"\u001b[39m\n              \u001b[36m>\u001b[39m\n                \u001b[36m<div\u001b[39m\n                  \u001b[33mclass\u001b[39m=\u001b[32m\"grid grid-cols-2 gap-1\"\u001b[39m\n                \u001b[36m>\u001b[39m\n                  \u001b[36m<input\u001b[39m\n                    \u001b[33mclass\u001b[39m=\u001b[32m\"w-full rounded border bg-background p-1 text-xs\"\u001b[39m\n                    \u001b[33mmin\u001b[39m=\u001b[32m\"1\"\u001b[39m\n                    \u001b[33mtitle\u001b[39m=\u001b[32m\"Custom width (free input)\"\u001b[39m\n                    \u001b[33mtype\u001b[39m=\u001b[32m\"number\"\u001b[39m\n                    \u001b[33mvalue\u001b[39m=\u001b[32m\"512\"\u001b[39m\n                  \u001b[36m/>\u001b[39m\n                  \u001b[36m<input\u001b[39m\n                    \u001b[33mclass\u001b[39m=\u001b[32m\"w-full rounded border bg-secondary/40 p-1 text-xs text-muted-foreground\"\u001b[39m\n                    \u001b[33mmin\u001b[39m=\u001b[32m\"1\"\u001b[39m\n                    \u001b[33mreadonly\u001b[39m=\u001b[32m\"\"\u001b[39m\n                    \u001b[33mtitle\u001b[39m=\u001b[32m\"Auto-adjusted model-optimized height\"\u001b[39m\n                    \u001b[33mtype\u001b[39m=\u001b[32m\"number\"\u001b[39m\n                    \u001b[33mvalue\u001b[39m=\u001b[32m\"512\"\u001b[39m\n                  \u001b[36m/>\u001b[39m\n                \u001b[36m</div>\u001b[39m\n                \u001b[36m<div\u001b[39m\n                  \u001b[33mclass\u001b[39m=\u001b[32m\"text-[10px] text-muted-foreground\"\u001b[39m\n                \u001b[36m>\u00
[...]
failureMessages":[],"fullName":"setupWizard state supports manual open events and unsubscribe","invocations":1,"location":null,"numPassingAsserts":2,"retryReasons":[],"status":"passed","title":"supports manual open events and unsubscribe"}],"endTime":1775015848563,"message":"","name":"D:\\Adobe-Express-Remake\\src\\lib\\__tests__\\setupWizard.test.ts","startTime":1775015848511,"status":"passed","summary":""},{"assertionResults":[{"ancestorTitles":["retouch-engine"],"duration":0,"failureDetails":[],"failureMessages":[],"fullName":"retouch-engine converts scene point to local retouch coordinates","invocations":1,"location":null,"numPassingAsserts":2,"retryReasons":[],"status":"passed","title":"converts scene point to local retouch coordinates"},{"ancestorTitles":["retouch-engine"],"duration":1,"failureDetails":[],"failureMessages":[],"fullName":"retouch-engine checks local point bounds correctly","invocations":1,"location":null,"numPassingAsserts":4,"retryReasons":[],"status":"passed","title":"checks local point bounds correctly"},{"ancestorTitles":["retouch-engine"],"duration":0,"failureDetails":[],"failureMessages":[],"fullName":"retouch-engine interpolates stroke points based on spacing","invocations":1,"location":null,"numPassingAsserts":3,"retryReasons":[],"status":"passed","title":"interpolates stroke points based on spacing"},{"ancestorTitles":["retouch-engine"],"duration":0,"failureDetails":[],"failureMessages":[],"fullName":"retouch-engine returns the target point when movement is smaller than spacing","invocations":1,"location":null,"numPassingAsserts":3,"retryReasons":[],"status":"passed","title":"returns the target point when movement is smaller than spacing"},{"ancestorTitles":["retouch-engine"],"duration":1,"failureDetails":[],"failureMessages":[],"fullName":"retouch-engine computes next aligned clone source point only for mutated aligned strokes","invocations":1,"location":null,"numPassingAsserts":5,"retryReasons":[],"status":"passed","title":"computes next aligned clone source point only for mutated aligned strokes"},{"ancestorTitles":["retouch-engine"],"duration":0,"failureDetails":[],"failureMessages":[],"fullName":"retouch-engine calibrates healing profile softness and secondary blend pass by hardness","invocations":1,"location":null,"numPassingAsserts":5,"retryReasons":[],"status":"passed","title":"calibrates healing profile softness and secondary blend pass by hardness"},{"ancestorTitles":["retouch-engine"],"duration":1,"failureDetails":[],"failureMessages":[],"fullName":"retouch-engine scales blur profile by strength","invocations":1,"location":null,"numPassingAsserts":3,"retryReasons":[],"status":"passed","title":"scales blur profile by strength"},{"ancestorTitles":["retouch-engine"],"duration":0,"failureDetails":[],"failureMessages":[],"fullName":"retouch-engine attenuates sharpen impact for very large brush sizes","invocations":1,"location":null,"numPassingAsserts":2,"retryReasons":[],"status":"passed","title":"attenuates sharpen impact for very large brush sizes"},{"ancestorTitles":["retouch-engine"],"duration":0,"failureDetails":[],"failureMessages":[],"fullName":"retouch-engine reduces dodge intensity when protect tones is enabled","invocations":1,"location":null,"numPassingAsserts":4,"retryReasons":[],"status":"passed","title":"reduces dodge intensity when protect tones is enabled"},{"ancestorTitles":["retouch-engine"],"duration":1,"failureDetails":[],"failureMessages":[],"fullName":"retouch-engine calibrates spot-healing and remove mirroring healing logic","invocations":1,"location":null,"numPassingAsserts":2,"retryReasons":[],"status":"passed","title":"calibrates spot-healing and remove mirroring healing logic"},{"ancestorTitles":["retouch-engine"],"duration":0,"failureDetails":[],"failureMessages":[],"fullName":"retouch-engine calibrates burn and sponge mirroring dodge logic with composite tweaks","invocations":1,"location":null,"numPassingAsserts":2,"retryReasons":[],"status":"passed","title":"calibrates burn and sponge mirroring dodge logic with composite tweaks"}],"endTime":1775015848622,"message":"","name":"D:\\Adobe-Express-Remake\\src\\lib\\__tests__\\retouch-engine.test.ts","startTime":1775015848568,"status":"passed","summary":""},{"assertionResults":[{"ancestorTitles":["CurvesFilter"],"duration":1,"failureDetails":[],"failureMessages":[],"fullName":"CurvesFilter adjusts red channel only","invocations":1,"location":null,"numPassingAsserts":1,"retryReasons":[],"status":"passed","title":"adjusts red channel only"},{"ancestorTitles":["CurvesFilter"],"duration":0,"failureDetails":[],"failureMessages":[],"fullName":"CurvesFilter adjusts green channel only","invocations":1,"location":null,"numPassingAsserts":1,"retryReasons":[],"status":"passed","title":"adjusts green channel only"},{"ancestorTitles":["CurvesFilter"],"duration":0,"failureDetails":[],"failureMessages":[],"fullName":"CurvesFilter adjusts blue channel only","invocations":1,"location":null,"numPassingAsserts":1,"retryReasons":[],"status":"passed","title":"adjusts blue channel only"},{"ancestorTitles":["CurvesFilter"],"duration":0,"failureDetails":[],"failureMessages":[],"fullName":"CurvesFilter adjusts luminosity","invocations":1,"location":null,"numPassingAsserts":1,"retryReasons":[],"status":"passed","title":"adjusts luminosity"},{"ancestorTitles":["CurvesFilter"],"duration":0,"failureDetails":[],"failureMessages":[],"fullName":"CurvesFilter adjusts all channels for master RGB","invocations":1,"location":null,"numPassingAsserts":1,"retryReasons":[],"status":"passed","title":"adjusts all channels for master RGB"},{"ancestorTitles":["CurvesFilter"],"duration":1,"failureDetails":[],"failureMessages":[],"fullName":"CurvesFilter respects intensity","invocations":1,"location":null,"numPassingAsserts":1,"retryReasons":[],"status":"passed","title":"respects intensity"},{"ancestorTitles":["CurvesFilter"],"duration":0,"failureDetails":[],"failureMessages":[],"fullName":"CurvesFilter keeps data when points are empty","invocations":1,"location":null,"numPassingAsserts":1,"retryReasons":[],"status":"passed","title":"keeps data when points are empty"},{"ancestorTitles":["CurvesFilter"],"duration":0,"failureDetails":[],"failureMessages":[],"fullName":"CurvesFilter serializes to object with type","invocations":1,"location":null,"numPassingAsserts":2,"retryReasons":[],"status":"passed","title":"serializes to object with type"}],"endTime":1775015848679,"message":"","name":"D:\\Adobe-Express-Remake\\src\\lib\\__tests__\\fabric-filters.test.ts","startTime":1775015848627,"status":"passed","summary":""},{"assertionResults":[{"ancestorTitles":["fabric-utils","ensureObjectId"],"duration":1,"failureDetails":[],"failureMessages":[],"fullName":"fabric-utils ensureObjectId should return existing id if present","invocations":1,"location":null,"numPassingAsserts":1,"retryReasons":[],"status":"passed","title":"should return existing id if present"},{"ancestorTitles":["fabric-utils","ensureObjectId"],"duration":0,"failureDetails":[],"failureMessages":[],"fullName":"fabric-utils ensureObjectId should generate new id if missing","invocations":1,"location":null,"numPassingAsserts":2,"retryReasons":[],"status":"passed","title":"should generate new id if missing"},{"ancestorTitles":["fabric-utils","ensureObjectId"],"duration":1,"failureDetails":[],"failureMessages":[],"fullName":"fabric-utils ensureObjectId should use cacheKey if present","invocations":1,"location":null,"numPassingAsserts":1,"retryReasons":[],"status":"passed","title":"should use cacheKey if present"},{"ancestorTitles":["fabric-utils","getNextIndexedName"],"duration":0,"failureDetails":[],"failureMessages":[],"fullName":"fabric-utils getNextIndexedName should return Base 1 if list is empty","invocations":1,"location":null,"numPassingAsserts":1,"retryReasons":[],"status":"passed","title":"should return Base 1 if list is empty"},{"ancestorTitles":["fabric-utils","getNextIndexedName"],"duration":0,"failureDetails":[],"failureMessages":[],"fullName":"fabric-utils getNextIndexedName should increment max index","invocations":1,"location":null,"numPassingAsserts":1,"retryReasons":[],"status":"passed","title":"should increment max index"},{"ancestorTitles":["fabric-utils","getNextIndexedName"],"duration":0,"failureDetails":[],"failureMessages":[],"fullName":"fabric-utils getNextIndexedName should handle gaps in numbering","invocations":1,"location":null,"numPassingAsserts":1,"retryReasons":[],"status":"passed","title":"should handle gaps in numbering"},{"ancestorTitles":["fabric-utils","getNextIndexedName"],"duration":1,"failureDetails":[],"failureMessages":[],"fullName":"fabric-utils getNextIndexedName should ignore unrelated names","invocations":1,"location":null,"numPassingAsserts":1,"retryReasons":[],"status":"passed","title":"should ignore unrelated names"},{"ancestorTitles":["fabric-utils","getNextIndexedName"],"duration":0,"failureDetails":[],"failureMessages":[],"fullName":"fabric-utils getNextIndexedName should handle extra whitespace","invocations":1,"location":null,"numPassingAsserts":1,"retryReasons":[],"status":"passed","title":"should handle extra whitespace"},{"ancestorTitles":["fabric-utils","normalizeColorValue"],"duration":0,"failureDetails":[],"failureMessages":[],"fullName":"fabric-utils normalizeColorValue should return undefined for empty","invocations":1,"location":null,"numPassingAsserts":1,"retryReasons":[],"status":"passed","title":"should return undefined for empty"},{"ancestorTitles":["fabric-utils","normalizeColorValue"],"duration":0,"failureDetails":[],"failureMessages":[],"fullName":"fabric-utils normalizeColorValue should normalize short hex","invocations":1,"location":null,"numPassingAsserts":1,"retryReasons":[],"status":"passed","title":"should normalize short hex"},{"ancestorTitles":["fabric-utils","normalizeColorValue"],"duration":0,"failureDetails":[],"failureMessages":[],"fullName":"fabric-utils normalizeColorValue should normalize standard hex","invocations":1,"location":null,"numPassingAsserts":1,"retryReasons":[],"status":"passed","title":"should normalize standard hex"},{"ancestorTitles":["fabric-utils","normalizeColorValue"],"duration":1,"failureDetails":[],"failureMessages":[],"fullName":"fabric-utils normalizeColorValue should convert rgb to hex","invocations":1,"location":null,"numPassingAsserts":1,"retryReasons":[],"status":"passed","title":"should convert rgb to hex"},{"ancestorTitles":["fabric-utils","normalizeColorValue"],"duration":0,"failureDetails":[],"failureMessages":[],"fullName":"fabric-utils normalizeColorValue should convert rgba to hex (ignoring alpha)","invocations":1,"location":null,"numPassingAsserts":1,"retryReasons":[],"status":"passed","title":"should convert rgba to hex (ignoring alpha)"},{"ancestorTitles":["fabric-utils","normalizeColorValue"],"duration":0,"failureDetails":[],"failureMessages":[],"fullName":"fabric-utils normalizeColorValue should return original if format not recognized","invocations":1,"location":null,"numPassingAsserts":1,"retryReasons":[],"status":"passed","title":"should return original if format not recognized"},{"ancestorTitles":["fabric-utils","getGroupNames"],"duration":0,"failureDetails":[],"failureMessages":[],"fullName":"fabric-utils getGroupNames should return names of groups","invocations":1,"location":null,"numPassingAsserts":1,"retryReasons":[],"status":"passed","title":"should return names of groups"}],"endTime":1775015848738,"message":"","name":"D:\\Adobe-Express-Remake\\src\\lib\\fabric-utils.test.ts","startTime":1775015848684,"status":"passed","summary":""},{"assertionResults":[{"ancestorTitles":["assetStorageSettings"],"duration":0,"failureDetails":[],"failureMessages":[],"fullName":"assetStorageSettings returns defaults when no settings are saved","invocations":1,"location":null,"numPassingAsserts":1,"retryReasons":[],"status":"passed","title":"returns defaults when no settings are saved"},{"ancestorTitles":["assetStorageSettings"],"duration":1,"failureDetails":[],"failureMessages":[],"fullName":"assetStorageSettings loads saved settings and dispatches change event","invocations":1,"location":null,"numPassingAsserts":4,"retryReasons":[],"status":"passed","title":"loads saved settings and dispatches change event"},{"ancestorTitles":["assetStorageSettings"],"duration":0,"failureDetails":[],"failureMessages":[],"fullName":"assetStorageSettings falls back to defaults for malformed or invalid stored settings","invocations":1,"location":null,"numPassingAsserts":3,"retryReasons":[],"status":"passed","title":"falls back to defaults for malformed or invalid stored settings"}],"endTime":1775015848796,"message":"","name":"D:\\Adobe-Express-Remake\\src\\lib\\__tests__\\assetStorageSettings.test.ts","startTime":1775015848744,"status":"passed","summary":""},{"assertionResults":[{"ancestorTitles":["cn utility"],"duration":2,"failureDetails":[],"failureMessages":[],"fullName":"cn utility should merge class names correctly","invocations":1,"location":null,"numPassingAsserts":1,"retryReasons":[],"status":"passed","title":"should merge class names correctly"},{"ancestorTitles":["cn utility"],"duration":0,"failureDetails":[],"failureMessages":[],"fullName":"cn utility should handle conditional classes","invocations":1,"location":null,"numPassingAsserts":1,"retryReasons":[],"status":"passed","title":"should handle conditional classes"},{"ancestorTitles":["cn utility"],"duration":1,"failureDetails":[],"failureMessages":[],"fullName":"cn utility should resolve tailwind conflicts","invocations":1,"location":null,"numPassingAsserts":2,"retryReasons":[],"status":"passed","title":"should resolve tailwind conflicts"},{"ancestorTitles":["cn utility"],"duration":0,"failureDetails":[],"failureMessages":[],"fullName":"cn utility should handle arrays and objects","invocations":1,"location":null,"numPassingAsserts":1,"retryReasons":[],"status":"passed","title":"should handle arrays and objects"}],"endTime":1775015848852,"message":"","name":"D:\\Adobe-Express-Remake\\src\\lib\\utils.test.ts","startTime":1775015848802,"status":"passed","summary":""},{"assertionResults":[{"ancestorTitles":["profile-utils (node)"],"duration":1,"failureDetails":[],"failureMessages":[],"fullName":"profile-utils (node) returns null when window is unavailable","invocations":1,"location":null,"numPassingAsserts":1,"retryReasons":[],"status":"passed","title":"returns null when window is unavailable"},{"ancestorTitles":["profile-utils (node)"],"duration":0,"failureDetails":[],"failureMessages":[],"fullName":"profile-utils (node) does not throw when saving without window","invocations":1,"location":null,"numPassingAsserts":1,"retryReasons":[],"status":"passed","title":"does not throw when saving without window"}],"endTime":1775015848907,"message":"","name":"D:\\Adobe-Express-Remake\\src\\lib\\__tests__\\profile-utils.node.test.ts","startTime":1775015848857,"status":"passed","summary":""},{"assertionResults":[{"ancestorTitles":["generative-preferences"],"duration":1,"failureDetails":[],"failureMessages":[],"fullName":"generative-preferences loads defaults when no settings exist","invocations":1,"location":null,"numPassingAsserts":1,"retryReasons":[],"status":"passed","title":"loads defaults when no settings exist"},{"ancestorTitles":["generative-preferences"],"duration":0,"failureDetails":[],"failureMessages":[],"fullName":"generative-preferences saves and dispatches updates","invocations":1,"location":null,"numPassingAsserts":3,"retryReasons":[],"status":"passed","title":"saves and dispatches updates"},{"ancestorTitles":["generative-preferences"],"duration":1,"failureDetails":[],"failureMessages":[],"fullName":"generative-preferences falls back to legacy keys","invocations":1,"location":null,"numPassingAsserts":2,"retryReasons":[],"status":"passed","title":"falls back to legacy keys"},{"ancestorTitles":["generative-preferences"],"duration":0,"failureDetails":[],"failureMessages":[],"fullName":"generative-preferences normalizes the legacy default comfy URL to localhost","invocations":1,"location":null,"numPassingAsserts":1,"retryReasons":[],"status":"passed","title":"normalizes the legacy default comfy URL to localhost"},{"ancestorTitles":["generative-preferences"],"duration":0,"failureDetails":[],"failureMessages":[],"fullName":"generative-preferences handles malformed storage values gracefully","invocations":1,"location":null,"numPassingAsserts":1,"retryReasons":[],"status":"passed","title":"handles malformed storage values gracefully"},{"ancestorTitles":["generative-preferences"],"duration":0,"failureDetails":[],"failureMessages":[],"fullName":"generative-preferences resolves stability workflow launch when provider is available","invocations":1,"location":null,"numPassingAsserts":1,"retryReasons":[],"status":"passed","title":"resolves stability workflow launch when provider is available"},{"ancestorTitles":["generative-preferences"],"duration":1,"failureDetails":[],"failureMessages":[],"fullName":"generative-preferences falls back to zone launch when stability is unavailable","invocations":1,"location":null,"numPassingAsserts":2,"retryReasons":[],"status":"passed","title":"falls back to zone launch when stability is unavailable"},{"ancestorTitles":["generative-preferences"],"duration":0,"failureDetails":[],"failureMessages":[],"fullName":"generative-preferences falls back to a ready provider when default provider is coming soon","invocations":1,"location":null,"numPassingAsserts":2,"retryReasons":[],"status":"passed","title":"falls back to a ready provider when default provider is coming soon"},{"ancestorTitles":["generative-preferences"],"duration":0,"failureDetails":[],"failureMessages":[],"fullName":"generative-preferences resolves unsupported workflow to provider-compatible fallback","invocations":1,"location":null,"numPassingAsserts":1,"retryReasons":[],"status":"passed","title":"resolves unsupported workflow to provider-compatible fallback"}],"endTime":1775015848964,"message":"","name":"D:\\Adobe-Express-Remake\\src\\lib\\__tests__\\generative-preferences.test.ts","startTime":1775015848913,"status":"passed","summary":""},{"assertionResults":[{"ancestorTitles":["cn"],"duration":2,"failureDetails":[],"failureMessages":[],"fullName":"cn merges class names and skips falsy values","invocations":1,"location":null,"numPassingAsserts":1,"retryReasons":[],"status":"passed","title":"merges class names and skips falsy values"},{"ancestorTitles":["cn"],"duration":0,"failureDetails":[],"failureMessages":[],"fullName":"cn merges tailwind classes","invocations":1,"location":null,"numPassingAsserts":1,"retryReasons":[],"status":"passed","title":"merges tailwind classes"}],"endTime":1775015849018,"message":"","name":"D:\\Adobe-Express-Remake\\src\\lib\\__tests__\\utils.test.ts","startTime":1775015848970,"status":"passed","summary":""},{"assertionResults":[{"ancestorTitles":["profile-utils (browser)"],"duration":1,"failureDetails":[],"failureMessages":[],"fullName":"profile-utils (browser) returns null when no stored profile","invocations":1,"location":null,"numPassingAsserts":1,"retryReasons":[],"status":"passed","title":"returns null when no stored profile"},{"ancestorTitles":["profile-utils (browser)"],"duration":0,"failureDetails":[],"failureMessages":[],"fullName":"profile-utils (browser) saves and loads profile settings","invocations":1,"location":null,"numPassingAsserts":1,"retryReasons":[],"status":"passed","title":"saves and loads profile settings"},{"ancestorTitles":["profile-utils (browser)"],"duration":0,"failureDetails":[],"failureMessages":[],"fullName":"profile-utils (browser) returns null on malformed stored data","invocations":1,"location":null,"numPassingAsserts":1,"retryReasons":[],"status":"passed","title":"returns null on malformed stored data"}],"endTime":1775015849072,"message":"","name":"D:\\Adobe-Express-Remake\\src\\lib\\__tests__\\profile-utils.test.ts","startTime":1775015849025,"status":"passed","summary":""}],"wasInterrupted":false}
